<?xml version="1.0" encoding="UTF-8"?>
<testsuites>
  <testsuite name="/app/phpunit.xml.dist" tests="67" assertions="2208" errors="0" failures="0" skipped="0" time="17.623682">
    <testsuite name="Unit" tests="33" assertions="330" errors="0" failures="0" skipped="0" time="1.116780">
      <testsuite name="Tests\Unit\Playground\Leads\Models\Campaign\ModelTest" file="/app/tests/Unit/Models/Campaign/ModelTest.php" tests="3" assertions="30" errors="0" failures="0" skipped="0" time="0.342560">
        <testcase name="test_model_instance" file="/app/vendor/gammamatrix/playground-test/src/Unit/Models/ModelCase.php" line="114" class="Tests\Unit\Playground\Leads\Models\Campaign\ModelTest" classname="Tests.Unit.Playground.Leads.Models.Campaign.ModelTest" assertions="1" time="0.247989"/>
        <testcase name="test_verify_model_relationships" file="/app/vendor/gammamatrix/playground-test/src/Unit/Models/ModelCase.php" line="275" class="Tests\Unit\Playground\Leads\Models\Campaign\ModelTest" classname="Tests.Unit.Playground.Leads.Models.Campaign.ModelTest" assertions="26" time="0.061235"/>
        <testcase name="test_model_factory_make" file="/app/vendor/gammamatrix/playground-test/src/Unit/Models/ModelCase.php" line="291" class="Tests\Unit\Playground\Leads\Models\Campaign\ModelTest" classname="Tests.Unit.Playground.Leads.Models.Campaign.ModelTest" assertions="3" time="0.033336"/>
      </testsuite>
      <testsuite name="Tests\Unit\Playground\Leads\Models\Goal\ModelTest" file="/app/tests/Unit/Models/Goal/ModelTest.php" tests="3" assertions="30" errors="0" failures="0" skipped="0" time="0.076236">
        <testcase name="test_model_instance" file="/app/vendor/gammamatrix/playground-test/src/Unit/Models/ModelCase.php" line="114" class="Tests\Unit\Playground\Leads\Models\Goal\ModelTest" classname="Tests.Unit.Playground.Leads.Models.Goal.ModelTest" assertions="1" time="0.021766"/>
        <testcase name="test_verify_model_relationships" file="/app/vendor/gammamatrix/playground-test/src/Unit/Models/ModelCase.php" line="275" class="Tests\Unit\Playground\Leads\Models\Goal\ModelTest" classname="Tests.Unit.Playground.Leads.Models.Goal.ModelTest" assertions="26" time="0.031626"/>
        <testcase name="test_model_factory_make" file="/app/vendor/gammamatrix/playground-test/src/Unit/Models/ModelCase.php" line="291" class="Tests\Unit\Playground\Leads\Models\Goal\ModelTest" classname="Tests.Unit.Playground.Leads.Models.Goal.ModelTest" assertions="3" time="0.022844"/>
      </testsuite>
      <testsuite name="Tests\Unit\Playground\Leads\Models\Lead\ModelTest" file="/app/tests/Unit/Models/Lead/ModelTest.php" tests="3" assertions="30" errors="0" failures="0" skipped="0" time="0.075890">
        <testcase name="test_model_instance" file="/app/vendor/gammamatrix/playground-test/src/Unit/Models/ModelCase.php" line="114" class="Tests\Unit\Playground\Leads\Models\Lead\ModelTest" classname="Tests.Unit.Playground.Leads.Models.Lead.ModelTest" assertions="1" time="0.022168"/>
        <testcase name="test_verify_model_relationships" file="/app/vendor/gammamatrix/playground-test/src/Unit/Models/ModelCase.php" line="275" class="Tests\Unit\Playground\Leads\Models\Lead\ModelTest" classname="Tests.Unit.Playground.Leads.Models.Lead.ModelTest" assertions="26" time="0.031078"/>
        <testcase name="test_model_factory_make" file="/app/vendor/gammamatrix/playground-test/src/Unit/Models/ModelCase.php" line="291" class="Tests\Unit\Playground\Leads\Models\Lead\ModelTest" classname="Tests.Unit.Playground.Leads.Models.Lead.ModelTest" assertions="3" time="0.022644"/>
      </testsuite>
      <testsuite name="Tests\Unit\Playground\Leads\Models\Opportunity\ModelTest" file="/app/tests/Unit/Models/Opportunity/ModelTest.php" tests="3" assertions="30" errors="0" failures="0" skipped="0" time="0.077704">
        <testcase name="test_model_instance" file="/app/vendor/gammamatrix/playground-test/src/Unit/Models/ModelCase.php" line="114" class="Tests\Unit\Playground\Leads\Models\Opportunity\ModelTest" classname="Tests.Unit.Playground.Leads.Models.Opportunity.ModelTest" assertions="1" time="0.023058"/>
        <testcase name="test_verify_model_relationships" file="/app/vendor/gammamatrix/playground-test/src/Unit/Models/ModelCase.php" line="275" class="Tests\Unit\Playground\Leads\Models\Opportunity\ModelTest" classname="Tests.Unit.Playground.Leads.Models.Opportunity.ModelTest" assertions="26" time="0.031535"/>
        <testcase name="test_model_factory_make" file="/app/vendor/gammamatrix/playground-test/src/Unit/Models/ModelCase.php" line="291" class="Tests\Unit\Playground\Leads\Models\Opportunity\ModelTest" classname="Tests.Unit.Playground.Leads.Models.Opportunity.ModelTest" assertions="3" time="0.023111"/>
      </testsuite>
      <testsuite name="Tests\Unit\Playground\Leads\Models\Plan\ModelTest" file="/app/tests/Unit/Models/Plan/ModelTest.php" tests="3" assertions="30" errors="0" failures="0" skipped="0" time="0.076737">
        <testcase name="test_model_instance" file="/app/vendor/gammamatrix/playground-test/src/Unit/Models/ModelCase.php" line="114" class="Tests\Unit\Playground\Leads\Models\Plan\ModelTest" classname="Tests.Unit.Playground.Leads.Models.Plan.ModelTest" assertions="1" time="0.022017"/>
        <testcase name="test_verify_model_relationships" file="/app/vendor/gammamatrix/playground-test/src/Unit/Models/ModelCase.php" line="275" class="Tests\Unit\Playground\Leads\Models\Plan\ModelTest" classname="Tests.Unit.Playground.Leads.Models.Plan.ModelTest" assertions="26" time="0.031667"/>
        <testcase name="test_model_factory_make" file="/app/vendor/gammamatrix/playground-test/src/Unit/Models/ModelCase.php" line="291" class="Tests\Unit\Playground\Leads\Models\Plan\ModelTest" classname="Tests.Unit.Playground.Leads.Models.Plan.ModelTest" assertions="3" time="0.023053"/>
      </testsuite>
      <testsuite name="Tests\Unit\Playground\Leads\Models\Region\ModelTest" file="/app/tests/Unit/Models/Region/ModelTest.php" tests="3" assertions="30" errors="0" failures="0" skipped="0" time="0.077322">
        <testcase name="test_model_instance" file="/app/vendor/gammamatrix/playground-test/src/Unit/Models/ModelCase.php" line="114" class="Tests\Unit\Playground\Leads\Models\Region\ModelTest" classname="Tests.Unit.Playground.Leads.Models.Region.ModelTest" assertions="1" time="0.021837"/>
        <testcase name="test_verify_model_relationships" file="/app/vendor/gammamatrix/playground-test/src/Unit/Models/ModelCase.php" line="275" class="Tests\Unit\Playground\Leads\Models\Region\ModelTest" classname="Tests.Unit.Playground.Leads.Models.Region.ModelTest" assertions="26" time="0.032069"/>
        <testcase name="test_model_factory_make" file="/app/vendor/gammamatrix/playground-test/src/Unit/Models/ModelCase.php" line="291" class="Tests\Unit\Playground\Leads\Models\Region\ModelTest" classname="Tests.Unit.Playground.Leads.Models.Region.ModelTest" assertions="3" time="0.023415"/>
      </testsuite>
      <testsuite name="Tests\Unit\Playground\Leads\Models\Report\ModelTest" file="/app/tests/Unit/Models/Report/ModelTest.php" tests="3" assertions="30" errors="0" failures="0" skipped="0" time="0.078985">
        <testcase name="test_model_instance" file="/app/vendor/gammamatrix/playground-test/src/Unit/Models/ModelCase.php" line="114" class="Tests\Unit\Playground\Leads\Models\Report\ModelTest" classname="Tests.Unit.Playground.Leads.Models.Report.ModelTest" assertions="1" time="0.021574"/>
        <testcase name="test_verify_model_relationships" file="/app/vendor/gammamatrix/playground-test/src/Unit/Models/ModelCase.php" line="275" class="Tests\Unit\Playground\Leads\Models\Report\ModelTest" classname="Tests.Unit.Playground.Leads.Models.Report.ModelTest" assertions="26" time="0.032468"/>
        <testcase name="test_model_factory_make" file="/app/vendor/gammamatrix/playground-test/src/Unit/Models/ModelCase.php" line="291" class="Tests\Unit\Playground\Leads\Models\Report\ModelTest" classname="Tests.Unit.Playground.Leads.Models.Report.ModelTest" assertions="3" time="0.024943"/>
      </testsuite>
      <testsuite name="Tests\Unit\Playground\Leads\Models\Source\ModelTest" file="/app/tests/Unit/Models/Source/ModelTest.php" tests="3" assertions="30" errors="0" failures="0" skipped="0" time="0.077269">
        <testcase name="test_model_instance" file="/app/vendor/gammamatrix/playground-test/src/Unit/Models/ModelCase.php" line="114" class="Tests\Unit\Playground\Leads\Models\Source\ModelTest" classname="Tests.Unit.Playground.Leads.Models.Source.ModelTest" assertions="1" time="0.021815"/>
        <testcase name="test_verify_model_relationships" file="/app/vendor/gammamatrix/playground-test/src/Unit/Models/ModelCase.php" line="275" class="Tests\Unit\Playground\Leads\Models\Source\ModelTest" classname="Tests.Unit.Playground.Leads.Models.Source.ModelTest" assertions="26" time="0.032322"/>
        <testcase name="test_model_factory_make" file="/app/vendor/gammamatrix/playground-test/src/Unit/Models/ModelCase.php" line="291" class="Tests\Unit\Playground\Leads\Models\Source\ModelTest" classname="Tests.Unit.Playground.Leads.Models.Source.ModelTest" assertions="3" time="0.023132"/>
      </testsuite>
      <testsuite name="Tests\Unit\Playground\Leads\Models\Task\ModelTest" file="/app/tests/Unit/Models/Task/ModelTest.php" tests="3" assertions="30" errors="0" failures="0" skipped="0" time="0.075884">
        <testcase name="test_model_instance" file="/app/vendor/gammamatrix/playground-test/src/Unit/Models/ModelCase.php" line="114" class="Tests\Unit\Playground\Leads\Models\Task\ModelTest" classname="Tests.Unit.Playground.Leads.Models.Task.ModelTest" assertions="1" time="0.021083"/>
        <testcase name="test_verify_model_relationships" file="/app/vendor/gammamatrix/playground-test/src/Unit/Models/ModelCase.php" line="275" class="Tests\Unit\Playground\Leads\Models\Task\ModelTest" classname="Tests.Unit.Playground.Leads.Models.Task.ModelTest" assertions="26" time="0.031255"/>
        <testcase name="test_model_factory_make" file="/app/vendor/gammamatrix/playground-test/src/Unit/Models/ModelCase.php" line="291" class="Tests\Unit\Playground\Leads\Models\Task\ModelTest" classname="Tests.Unit.Playground.Leads.Models.Task.ModelTest" assertions="3" time="0.023547"/>
      </testsuite>
      <testsuite name="Tests\Unit\Playground\Leads\Models\Team\ModelTest" file="/app/tests/Unit/Models/Team/ModelTest.php" tests="3" assertions="30" errors="0" failures="0" skipped="0" time="0.078526">
        <testcase name="test_model_instance" file="/app/vendor/gammamatrix/playground-test/src/Unit/Models/ModelCase.php" line="114" class="Tests\Unit\Playground\Leads\Models\Team\ModelTest" classname="Tests.Unit.Playground.Leads.Models.Team.ModelTest" assertions="1" time="0.021363"/>
        <testcase name="test_verify_model_relationships" file="/app/vendor/gammamatrix/playground-test/src/Unit/Models/ModelCase.php" line="275" class="Tests\Unit\Playground\Leads\Models\Team\ModelTest" classname="Tests.Unit.Playground.Leads.Models.Team.ModelTest" assertions="26" time="0.031550"/>
        <testcase name="test_model_factory_make" file="/app/vendor/gammamatrix/playground-test/src/Unit/Models/ModelCase.php" line="291" class="Tests\Unit\Playground\Leads\Models\Team\ModelTest" classname="Tests.Unit.Playground.Leads.Models.Team.ModelTest" assertions="3" time="0.025614"/>
      </testsuite>
      <testsuite name="Tests\Unit\Playground\Leads\Models\Teammate\ModelTest" file="/app/tests/Unit/Models/Teammate/ModelTest.php" tests="3" assertions="30" errors="0" failures="0" skipped="0" time="0.079668">
        <testcase name="test_model_instance" file="/app/vendor/gammamatrix/playground-test/src/Unit/Models/ModelCase.php" line="114" class="Tests\Unit\Playground\Leads\Models\Teammate\ModelTest" classname="Tests.Unit.Playground.Leads.Models.Teammate.ModelTest" assertions="1" time="0.021370"/>
        <testcase name="test_verify_model_relationships" file="/app/vendor/gammamatrix/playground-test/src/Unit/Models/ModelCase.php" line="275" class="Tests\Unit\Playground\Leads\Models\Teammate\ModelTest" classname="Tests.Unit.Playground.Leads.Models.Teammate.ModelTest" assertions="26" time="0.031657"/>
        <testcase name="test_model_factory_make" file="/app/vendor/gammamatrix/playground-test/src/Unit/Models/ModelCase.php" line="291" class="Tests\Unit\Playground\Leads\Models\Teammate\ModelTest" classname="Tests.Unit.Playground.Leads.Models.Teammate.ModelTest" assertions="3" time="0.026641"/>
      </testsuite>
    </testsuite>
    <testsuite name="Feature" tests="34" assertions="1878" errors="0" failures="0" skipped="0" time="16.506902">
      <testsuite name="Tests\Feature\Playground\Leads\Console\Commands\About\CommandTest" file="/app/tests/Feature/Console/Commands/About/CommandTest.php" tests="1" assertions="2" errors="0" failures="0" skipped="0" time="0.153517">
        <testcase name="test_command_about_displays_package_information_and_succeed_with_code_0" file="/app/tests/Feature/Console/Commands/About/CommandTest.php" line="28" class="Tests\Feature\Playground\Leads\Console\Commands\About\CommandTest" classname="Tests.Feature.Playground.Leads.Console.Commands.About.CommandTest" assertions="2" time="0.153517"/>
      </testsuite>
      <testsuite name="Tests\Feature\Playground\Leads\Models\Campaign\ModelTest" file="/app/tests/Feature/Models/Campaign/ModelTest.php" tests="3" assertions="176" errors="0" failures="0" skipped="0" time="1.532474">
        <testcase name="test_model_instance" file="/app/vendor/gammamatrix/playground-test/src/Feature/Models/ModelCase.php" line="108" class="Tests\Feature\Playground\Leads\Models\Campaign\ModelTest" classname="Tests.Feature.Playground.Leads.Models.Campaign.ModelTest" assertions="1" time="0.301063"/>
        <testcase name="test_verify_model_relationships" file="/app/vendor/gammamatrix/playground-test/src/Feature/Models/ModelCase.php" line="527" class="Tests\Feature\Playground\Leads\Models\Campaign\ModelTest" classname="Tests.Feature.Playground.Leads.Models.Campaign.ModelTest" assertions="172" time="0.938135"/>
        <testcase name="test_factory_create" file="/app/vendor/gammamatrix/playground-test/src/Feature/Models/ModelCase.php" line="543" class="Tests\Feature\Playground\Leads\Models\Campaign\ModelTest" classname="Tests.Feature.Playground.Leads.Models.Campaign.ModelTest" assertions="3" time="0.293277"/>
      </testsuite>
      <testsuite name="Tests\Feature\Playground\Leads\Models\Goal\ModelTest" file="/app/tests/Feature/Models/Goal/ModelTest.php" tests="3" assertions="176" errors="0" failures="0" skipped="0" time="1.501726">
        <testcase name="test_model_instance" file="/app/vendor/gammamatrix/playground-test/src/Feature/Models/ModelCase.php" line="108" class="Tests\Feature\Playground\Leads\Models\Goal\ModelTest" classname="Tests.Feature.Playground.Leads.Models.Goal.ModelTest" assertions="1" time="0.284492"/>
        <testcase name="test_verify_model_relationships" file="/app/vendor/gammamatrix/playground-test/src/Feature/Models/ModelCase.php" line="527" class="Tests\Feature\Playground\Leads\Models\Goal\ModelTest" classname="Tests.Feature.Playground.Leads.Models.Goal.ModelTest" assertions="172" time="0.922654"/>
        <testcase name="test_factory_create" file="/app/vendor/gammamatrix/playground-test/src/Feature/Models/ModelCase.php" line="543" class="Tests\Feature\Playground\Leads\Models\Goal\ModelTest" classname="Tests.Feature.Playground.Leads.Models.Goal.ModelTest" assertions="3" time="0.294579"/>
      </testsuite>
      <testsuite name="Tests\Feature\Playground\Leads\Models\Lead\ModelTest" file="/app/tests/Feature/Models/Lead/ModelTest.php" tests="3" assertions="176" errors="0" failures="0" skipped="0" time="1.502444">
        <testcase name="test_model_instance" file="/app/vendor/gammamatrix/playground-test/src/Feature/Models/ModelCase.php" line="108" class="Tests\Feature\Playground\Leads\Models\Lead\ModelTest" classname="Tests.Feature.Playground.Leads.Models.Lead.ModelTest" assertions="1" time="0.284669"/>
        <testcase name="test_verify_model_relationships" file="/app/vendor/gammamatrix/playground-test/src/Feature/Models/ModelCase.php" line="527" class="Tests\Feature\Playground\Leads\Models\Lead\ModelTest" classname="Tests.Feature.Playground.Leads.Models.Lead.ModelTest" assertions="172" time="0.922925"/>
        <testcase name="test_factory_create" file="/app/vendor/gammamatrix/playground-test/src/Feature/Models/ModelCase.php" line="543" class="Tests\Feature\Playground\Leads\Models\Lead\ModelTest" classname="Tests.Feature.Playground.Leads.Models.Lead.ModelTest" assertions="3" time="0.294850"/>
      </testsuite>
      <testsuite name="Tests\Feature\Playground\Leads\Models\Opportunity\ModelTest" file="/app/tests/Feature/Models/Opportunity/ModelTest.php" tests="3" assertions="176" errors="0" failures="0" skipped="0" time="1.494428">
        <testcase name="test_model_instance" file="/app/vendor/gammamatrix/playground-test/src/Feature/Models/ModelCase.php" line="108" class="Tests\Feature\Playground\Leads\Models\Opportunity\ModelTest" classname="Tests.Feature.Playground.Leads.Models.Opportunity.ModelTest" assertions="1" time="0.282999"/>
        <testcase name="test_verify_model_relationships" file="/app/vendor/gammamatrix/playground-test/src/Feature/Models/ModelCase.php" line="527" class="Tests\Feature\Playground\Leads\Models\Opportunity\ModelTest" classname="Tests.Feature.Playground.Leads.Models.Opportunity.ModelTest" assertions="172" time="0.918843"/>
        <testcase name="test_factory_create" file="/app/vendor/gammamatrix/playground-test/src/Feature/Models/ModelCase.php" line="543" class="Tests\Feature\Playground\Leads\Models\Opportunity\ModelTest" classname="Tests.Feature.Playground.Leads.Models.Opportunity.ModelTest" assertions="3" time="0.292586"/>
      </testsuite>
      <testsuite name="Tests\Feature\Playground\Leads\Models\Plan\ModelTest" file="/app/tests/Feature/Models/Plan/ModelTest.php" tests="3" assertions="176" errors="0" failures="0" skipped="0" time="1.510724">
        <testcase name="test_model_instance" file="/app/vendor/gammamatrix/playground-test/src/Feature/Models/ModelCase.php" line="108" class="Tests\Feature\Playground\Leads\Models\Plan\ModelTest" classname="Tests.Feature.Playground.Leads.Models.Plan.ModelTest" assertions="1" time="0.285453"/>
        <testcase name="test_verify_model_relationships" file="/app/vendor/gammamatrix/playground-test/src/Feature/Models/ModelCase.php" line="527" class="Tests\Feature\Playground\Leads\Models\Plan\ModelTest" classname="Tests.Feature.Playground.Leads.Models.Plan.ModelTest" assertions="172" time="0.936327"/>
        <testcase name="test_factory_create" file="/app/vendor/gammamatrix/playground-test/src/Feature/Models/ModelCase.php" line="543" class="Tests\Feature\Playground\Leads\Models\Plan\ModelTest" classname="Tests.Feature.Playground.Leads.Models.Plan.ModelTest" assertions="3" time="0.288944"/>
      </testsuite>
      <testsuite name="Tests\Feature\Playground\Leads\Models\Region\ModelTest" file="/app/tests/Feature/Models/Region/ModelTest.php" tests="3" assertions="176" errors="0" failures="0" skipped="0" time="1.504476">
        <testcase name="test_model_instance" file="/app/vendor/gammamatrix/playground-test/src/Feature/Models/ModelCase.php" line="108" class="Tests\Feature\Playground\Leads\Models\Region\ModelTest" classname="Tests.Feature.Playground.Leads.Models.Region.ModelTest" assertions="1" time="0.286396"/>
        <testcase name="test_verify_model_relationships" file="/app/vendor/gammamatrix/playground-test/src/Feature/Models/ModelCase.php" line="527" class="Tests\Feature\Playground\Leads\Models\Region\ModelTest" classname="Tests.Feature.Playground.Leads.Models.Region.ModelTest" assertions="172" time="0.925149"/>
        <testcase name="test_factory_create" file="/app/vendor/gammamatrix/playground-test/src/Feature/Models/ModelCase.php" line="543" class="Tests\Feature\Playground\Leads\Models\Region\ModelTest" classname="Tests.Feature.Playground.Leads.Models.Region.ModelTest" assertions="3" time="0.292931"/>
      </testsuite>
      <testsuite name="Tests\Feature\Playground\Leads\Models\Report\ModelTest" file="/app/tests/Feature/Models/Report/ModelTest.php" tests="3" assertions="176" errors="0" failures="0" skipped="0" time="1.499568">
        <testcase name="test_model_instance" file="/app/vendor/gammamatrix/playground-test/src/Feature/Models/ModelCase.php" line="108" class="Tests\Feature\Playground\Leads\Models\Report\ModelTest" classname="Tests.Feature.Playground.Leads.Models.Report.ModelTest" assertions="1" time="0.281997"/>
        <testcase name="test_verify_model_relationships" file="/app/vendor/gammamatrix/playground-test/src/Feature/Models/ModelCase.php" line="527" class="Tests\Feature\Playground\Leads\Models\Report\ModelTest" classname="Tests.Feature.Playground.Leads.Models.Report.ModelTest" assertions="172" time="0.926365"/>
        <testcase name="test_factory_create" file="/app/vendor/gammamatrix/playground-test/src/Feature/Models/ModelCase.php" line="543" class="Tests\Feature\Playground\Leads\Models\Report\ModelTest" classname="Tests.Feature.Playground.Leads.Models.Report.ModelTest" assertions="3" time="0.291207"/>
      </testsuite>
      <testsuite name="Tests\Feature\Playground\Leads\Models\Source\ModelTest" file="/app/tests/Feature/Models/Source/ModelTest.php" tests="3" assertions="176" errors="0" failures="0" skipped="0" time="1.498891">
        <testcase name="test_model_instance" file="/app/vendor/gammamatrix/playground-test/src/Feature/Models/ModelCase.php" line="108" class="Tests\Feature\Playground\Leads\Models\Source\ModelTest" classname="Tests.Feature.Playground.Leads.Models.Source.ModelTest" assertions="1" time="0.283738"/>
        <testcase name="test_verify_model_relationships" file="/app/vendor/gammamatrix/playground-test/src/Feature/Models/ModelCase.php" line="527" class="Tests\Feature\Playground\Leads\Models\Source\ModelTest" classname="Tests.Feature.Playground.Leads.Models.Source.ModelTest" assertions="172" time="0.923572"/>
        <testcase name="test_factory_create" file="/app/vendor/gammamatrix/playground-test/src/Feature/Models/ModelCase.php" line="543" class="Tests\Feature\Playground\Leads\Models\Source\ModelTest" classname="Tests.Feature.Playground.Leads.Models.Source.ModelTest" assertions="3" time="0.291581"/>
      </testsuite>
      <testsuite name="Tests\Feature\Playground\Leads\Models\Task\ModelTest" file="/app/tests/Feature/Models/Task/ModelTest.php" tests="3" assertions="176" errors="0" failures="0" skipped="0" time="1.503227">
        <testcase name="test_model_instance" file="/app/vendor/gammamatrix/playground-test/src/Feature/Models/ModelCase.php" line="108" class="Tests\Feature\Playground\Leads\Models\Task\ModelTest" classname="Tests.Feature.Playground.Leads.Models.Task.ModelTest" assertions="1" time="0.283410"/>
        <testcase name="test_verify_model_relationships" file="/app/vendor/gammamatrix/playground-test/src/Feature/Models/ModelCase.php" line="527" class="Tests\Feature\Playground\Leads\Models\Task\ModelTest" classname="Tests.Feature.Playground.Leads.Models.Task.ModelTest" assertions="172" time="0.928166"/>
        <testcase name="test_factory_create" file="/app/vendor/gammamatrix/playground-test/src/Feature/Models/ModelCase.php" line="543" class="Tests\Feature\Playground\Leads\Models\Task\ModelTest" classname="Tests.Feature.Playground.Leads.Models.Task.ModelTest" assertions="3" time="0.291651"/>
      </testsuite>
      <testsuite name="Tests\Feature\Playground\Leads\Models\Team\ModelTest" file="/app/tests/Feature/Models/Team/ModelTest.php" tests="3" assertions="116" errors="0" failures="0" skipped="0" time="1.298576">
        <testcase name="test_model_instance" file="/app/vendor/gammamatrix/playground-test/src/Feature/Models/ModelCase.php" line="108" class="Tests\Feature\Playground\Leads\Models\Team\ModelTest" classname="Tests.Feature.Playground.Leads.Models.Team.ModelTest" assertions="1" time="0.287256"/>
        <testcase name="test_verify_model_relationships" file="/app/vendor/gammamatrix/playground-test/src/Feature/Models/ModelCase.php" line="527" class="Tests\Feature\Playground\Leads\Models\Team\ModelTest" classname="Tests.Feature.Playground.Leads.Models.Team.ModelTest" assertions="112" time="0.713643"/>
        <testcase name="test_factory_create" file="/app/vendor/gammamatrix/playground-test/src/Feature/Models/ModelCase.php" line="543" class="Tests\Feature\Playground\Leads\Models\Team\ModelTest" classname="Tests.Feature.Playground.Leads.Models.Team.ModelTest" assertions="3" time="0.297678"/>
      </testsuite>
      <testsuite name="Tests\Feature\Playground\Leads\Models\Teammate\ModelTest" file="/app/tests/Feature/Models/Teammate/ModelTest.php" tests="3" assertions="176" errors="0" failures="0" skipped="0" time="1.506850">
        <testcase name="test_model_instance" file="/app/vendor/gammamatrix/playground-test/src/Feature/Models/ModelCase.php" line="108" class="Tests\Feature\Playground\Leads\Models\Teammate\ModelTest" classname="Tests.Feature.Playground.Leads.Models.Teammate.ModelTest" assertions="1" time="0.283420"/>
        <testcase name="test_verify_model_relationships" file="/app/vendor/gammamatrix/playground-test/src/Feature/Models/ModelCase.php" line="527" class="Tests\Feature\Playground\Leads\Models\Teammate\ModelTest" classname="Tests.Feature.Playground.Leads.Models.Teammate.ModelTest" assertions="172" time="0.927039"/>
        <testcase name="test_factory_create" file="/app/vendor/gammamatrix/playground-test/src/Feature/Models/ModelCase.php" line="543" class="Tests\Feature\Playground\Leads\Models\Teammate\ModelTest" classname="Tests.Feature.Playground.Leads.Models.Teammate.ModelTest" assertions="3" time="0.296391"/>
      </testsuite>
    </testsuite>
  </testsuite>
</testsuites>
