<?xml version="1.0" encoding="UTF-8"?>
<testsuites>
  <testsuite name="/app/phpunit-ci.xml" tests="67" assertions="1168" errors="0" failures="0" skipped="0" time="16.211477">
    <testsuite name="Unit" tests="33" assertions="198" errors="0" failures="0" skipped="0" time="1.509986">
      <testsuite name="Tests\Unit\Playground\Lead\Models\Campaign\ModelTest" file="/app/tests/Unit/Models/Campaign/ModelTest.php" tests="3" assertions="18" errors="0" failures="0" skipped="0" time="0.736484">
        <testcase name="test_model_instance" file="/app/vendor/gammamatrix/playground-test/src/Unit/Models/ModelCase.php" line="103" class="Tests\Unit\Playground\Lead\Models\Campaign\ModelTest" classname="Tests.Unit.Playground.Lead.Models.Campaign.ModelTest" assertions="1" time="0.251392"/>
        <testcase name="test_verify_model_relationships" file="/app/vendor/gammamatrix/playground-test/src/Unit/Models/ModelCase.php" line="264" class="Tests\Unit\Playground\Lead\Models\Campaign\ModelTest" classname="Tests.Unit.Playground.Lead.Models.Campaign.ModelTest" assertions="14" time="0.449569"/>
        <testcase name="test_model_factory_make" file="/app/vendor/gammamatrix/playground-test/src/Unit/Models/ModelCase.php" line="280" class="Tests\Unit\Playground\Lead\Models\Campaign\ModelTest" classname="Tests.Unit.Playground.Lead.Models.Campaign.ModelTest" assertions="3" time="0.035523"/>
      </testsuite>
      <testsuite name="Tests\Unit\Playground\Lead\Models\Goal\ModelTest" file="/app/tests/Unit/Models/Goal/ModelTest.php" tests="3" assertions="18" errors="0" failures="0" skipped="0" time="0.076262">
        <testcase name="test_model_instance" file="/app/vendor/gammamatrix/playground-test/src/Unit/Models/ModelCase.php" line="103" class="Tests\Unit\Playground\Lead\Models\Goal\ModelTest" classname="Tests.Unit.Playground.Lead.Models.Goal.ModelTest" assertions="1" time="0.021842"/>
        <testcase name="test_verify_model_relationships" file="/app/vendor/gammamatrix/playground-test/src/Unit/Models/ModelCase.php" line="264" class="Tests\Unit\Playground\Lead\Models\Goal\ModelTest" classname="Tests.Unit.Playground.Lead.Models.Goal.ModelTest" assertions="14" time="0.030835"/>
        <testcase name="test_model_factory_make" file="/app/vendor/gammamatrix/playground-test/src/Unit/Models/ModelCase.php" line="280" class="Tests\Unit\Playground\Lead\Models\Goal\ModelTest" classname="Tests.Unit.Playground.Lead.Models.Goal.ModelTest" assertions="3" time="0.023586"/>
      </testsuite>
      <testsuite name="Tests\Unit\Playground\Lead\Models\Lead\ModelTest" file="/app/tests/Unit/Models/Lead/ModelTest.php" tests="3" assertions="18" errors="0" failures="0" skipped="0" time="0.075281">
        <testcase name="test_model_instance" file="/app/vendor/gammamatrix/playground-test/src/Unit/Models/ModelCase.php" line="103" class="Tests\Unit\Playground\Lead\Models\Lead\ModelTest" classname="Tests.Unit.Playground.Lead.Models.Lead.ModelTest" assertions="1" time="0.021846"/>
        <testcase name="test_verify_model_relationships" file="/app/vendor/gammamatrix/playground-test/src/Unit/Models/ModelCase.php" line="264" class="Tests\Unit\Playground\Lead\Models\Lead\ModelTest" classname="Tests.Unit.Playground.Lead.Models.Lead.ModelTest" assertions="14" time="0.030142"/>
        <testcase name="test_model_factory_make" file="/app/vendor/gammamatrix/playground-test/src/Unit/Models/ModelCase.php" line="280" class="Tests\Unit\Playground\Lead\Models\Lead\ModelTest" classname="Tests.Unit.Playground.Lead.Models.Lead.ModelTest" assertions="3" time="0.023292"/>
      </testsuite>
      <testsuite name="Tests\Unit\Playground\Lead\Models\Opportunity\ModelTest" file="/app/tests/Unit/Models/Opportunity/ModelTest.php" tests="3" assertions="18" errors="0" failures="0" skipped="0" time="0.078187">
        <testcase name="test_model_instance" file="/app/vendor/gammamatrix/playground-test/src/Unit/Models/ModelCase.php" line="103" class="Tests\Unit\Playground\Lead\Models\Opportunity\ModelTest" classname="Tests.Unit.Playground.Lead.Models.Opportunity.ModelTest" assertions="1" time="0.022483"/>
        <testcase name="test_verify_model_relationships" file="/app/vendor/gammamatrix/playground-test/src/Unit/Models/ModelCase.php" line="264" class="Tests\Unit\Playground\Lead\Models\Opportunity\ModelTest" classname="Tests.Unit.Playground.Lead.Models.Opportunity.ModelTest" assertions="14" time="0.031233"/>
        <testcase name="test_model_factory_make" file="/app/vendor/gammamatrix/playground-test/src/Unit/Models/ModelCase.php" line="280" class="Tests\Unit\Playground\Lead\Models\Opportunity\ModelTest" classname="Tests.Unit.Playground.Lead.Models.Opportunity.ModelTest" assertions="3" time="0.024471"/>
      </testsuite>
      <testsuite name="Tests\Unit\Playground\Lead\Models\Plan\ModelTest" file="/app/tests/Unit/Models/Plan/ModelTest.php" tests="3" assertions="18" errors="0" failures="0" skipped="0" time="0.077677">
        <testcase name="test_model_instance" file="/app/vendor/gammamatrix/playground-test/src/Unit/Models/ModelCase.php" line="103" class="Tests\Unit\Playground\Lead\Models\Plan\ModelTest" classname="Tests.Unit.Playground.Lead.Models.Plan.ModelTest" assertions="1" time="0.022328"/>
        <testcase name="test_verify_model_relationships" file="/app/vendor/gammamatrix/playground-test/src/Unit/Models/ModelCase.php" line="264" class="Tests\Unit\Playground\Lead\Models\Plan\ModelTest" classname="Tests.Unit.Playground.Lead.Models.Plan.ModelTest" assertions="14" time="0.030971"/>
        <testcase name="test_model_factory_make" file="/app/vendor/gammamatrix/playground-test/src/Unit/Models/ModelCase.php" line="280" class="Tests\Unit\Playground\Lead\Models\Plan\ModelTest" classname="Tests.Unit.Playground.Lead.Models.Plan.ModelTest" assertions="3" time="0.024379"/>
      </testsuite>
      <testsuite name="Tests\Unit\Playground\Lead\Models\Region\ModelTest" file="/app/tests/Unit/Models/Region/ModelTest.php" tests="3" assertions="18" errors="0" failures="0" skipped="0" time="0.076412">
        <testcase name="test_model_instance" file="/app/vendor/gammamatrix/playground-test/src/Unit/Models/ModelCase.php" line="103" class="Tests\Unit\Playground\Lead\Models\Region\ModelTest" classname="Tests.Unit.Playground.Lead.Models.Region.ModelTest" assertions="1" time="0.021748"/>
        <testcase name="test_verify_model_relationships" file="/app/vendor/gammamatrix/playground-test/src/Unit/Models/ModelCase.php" line="264" class="Tests\Unit\Playground\Lead\Models\Region\ModelTest" classname="Tests.Unit.Playground.Lead.Models.Region.ModelTest" assertions="14" time="0.030568"/>
        <testcase name="test_model_factory_make" file="/app/vendor/gammamatrix/playground-test/src/Unit/Models/ModelCase.php" line="280" class="Tests\Unit\Playground\Lead\Models\Region\ModelTest" classname="Tests.Unit.Playground.Lead.Models.Region.ModelTest" assertions="3" time="0.024096"/>
      </testsuite>
      <testsuite name="Tests\Unit\Playground\Lead\Models\Report\ModelTest" file="/app/tests/Unit/Models/Report/ModelTest.php" tests="3" assertions="18" errors="0" failures="0" skipped="0" time="0.080136">
        <testcase name="test_model_instance" file="/app/vendor/gammamatrix/playground-test/src/Unit/Models/ModelCase.php" line="103" class="Tests\Unit\Playground\Lead\Models\Report\ModelTest" classname="Tests.Unit.Playground.Lead.Models.Report.ModelTest" assertions="1" time="0.021589"/>
        <testcase name="test_verify_model_relationships" file="/app/vendor/gammamatrix/playground-test/src/Unit/Models/ModelCase.php" line="264" class="Tests\Unit\Playground\Lead\Models\Report\ModelTest" classname="Tests.Unit.Playground.Lead.Models.Report.ModelTest" assertions="14" time="0.032596"/>
        <testcase name="test_model_factory_make" file="/app/vendor/gammamatrix/playground-test/src/Unit/Models/ModelCase.php" line="280" class="Tests\Unit\Playground\Lead\Models\Report\ModelTest" classname="Tests.Unit.Playground.Lead.Models.Report.ModelTest" assertions="3" time="0.025951"/>
      </testsuite>
      <testsuite name="Tests\Unit\Playground\Lead\Models\Source\ModelTest" file="/app/tests/Unit/Models/Source/ModelTest.php" tests="3" assertions="18" errors="0" failures="0" skipped="0" time="0.079697">
        <testcase name="test_model_instance" file="/app/vendor/gammamatrix/playground-test/src/Unit/Models/ModelCase.php" line="103" class="Tests\Unit\Playground\Lead\Models\Source\ModelTest" classname="Tests.Unit.Playground.Lead.Models.Source.ModelTest" assertions="1" time="0.022536"/>
        <testcase name="test_verify_model_relationships" file="/app/vendor/gammamatrix/playground-test/src/Unit/Models/ModelCase.php" line="264" class="Tests\Unit\Playground\Lead\Models\Source\ModelTest" classname="Tests.Unit.Playground.Lead.Models.Source.ModelTest" assertions="14" time="0.032449"/>
        <testcase name="test_model_factory_make" file="/app/vendor/gammamatrix/playground-test/src/Unit/Models/ModelCase.php" line="280" class="Tests\Unit\Playground\Lead\Models\Source\ModelTest" classname="Tests.Unit.Playground.Lead.Models.Source.ModelTest" assertions="3" time="0.024713"/>
      </testsuite>
      <testsuite name="Tests\Unit\Playground\Lead\Models\Task\ModelTest" file="/app/tests/Unit/Models/Task/ModelTest.php" tests="3" assertions="18" errors="0" failures="0" skipped="0" time="0.077631">
        <testcase name="test_model_instance" file="/app/vendor/gammamatrix/playground-test/src/Unit/Models/ModelCase.php" line="103" class="Tests\Unit\Playground\Lead\Models\Task\ModelTest" classname="Tests.Unit.Playground.Lead.Models.Task.ModelTest" assertions="1" time="0.021425"/>
        <testcase name="test_verify_model_relationships" file="/app/vendor/gammamatrix/playground-test/src/Unit/Models/ModelCase.php" line="264" class="Tests\Unit\Playground\Lead\Models\Task\ModelTest" classname="Tests.Unit.Playground.Lead.Models.Task.ModelTest" assertions="14" time="0.030087"/>
        <testcase name="test_model_factory_make" file="/app/vendor/gammamatrix/playground-test/src/Unit/Models/ModelCase.php" line="280" class="Tests\Unit\Playground\Lead\Models\Task\ModelTest" classname="Tests.Unit.Playground.Lead.Models.Task.ModelTest" assertions="3" time="0.026119"/>
      </testsuite>
      <testsuite name="Tests\Unit\Playground\Lead\Models\Team\ModelTest" file="/app/tests/Unit/Models/Team/ModelTest.php" tests="3" assertions="18" errors="0" failures="0" skipped="0" time="0.076959">
        <testcase name="test_model_instance" file="/app/vendor/gammamatrix/playground-test/src/Unit/Models/ModelCase.php" line="103" class="Tests\Unit\Playground\Lead\Models\Team\ModelTest" classname="Tests.Unit.Playground.Lead.Models.Team.ModelTest" assertions="1" time="0.021964"/>
        <testcase name="test_verify_model_relationships" file="/app/vendor/gammamatrix/playground-test/src/Unit/Models/ModelCase.php" line="264" class="Tests\Unit\Playground\Lead\Models\Team\ModelTest" classname="Tests.Unit.Playground.Lead.Models.Team.ModelTest" assertions="14" time="0.030051"/>
        <testcase name="test_model_factory_make" file="/app/vendor/gammamatrix/playground-test/src/Unit/Models/ModelCase.php" line="280" class="Tests\Unit\Playground\Lead\Models\Team\ModelTest" classname="Tests.Unit.Playground.Lead.Models.Team.ModelTest" assertions="3" time="0.024945"/>
      </testsuite>
      <testsuite name="Tests\Unit\Playground\Lead\Models\Teammate\ModelTest" file="/app/tests/Unit/Models/Teammate/ModelTest.php" tests="3" assertions="18" errors="0" failures="0" skipped="0" time="0.075260">
        <testcase name="test_model_instance" file="/app/vendor/gammamatrix/playground-test/src/Unit/Models/ModelCase.php" line="103" class="Tests\Unit\Playground\Lead\Models\Teammate\ModelTest" classname="Tests.Unit.Playground.Lead.Models.Teammate.ModelTest" assertions="1" time="0.021416"/>
        <testcase name="test_verify_model_relationships" file="/app/vendor/gammamatrix/playground-test/src/Unit/Models/ModelCase.php" line="264" class="Tests\Unit\Playground\Lead\Models\Teammate\ModelTest" classname="Tests.Unit.Playground.Lead.Models.Teammate.ModelTest" assertions="14" time="0.030354"/>
        <testcase name="test_model_factory_make" file="/app/vendor/gammamatrix/playground-test/src/Unit/Models/ModelCase.php" line="280" class="Tests\Unit\Playground\Lead\Models\Teammate\ModelTest" classname="Tests.Unit.Playground.Lead.Models.Teammate.ModelTest" assertions="3" time="0.023490"/>
      </testsuite>
    </testsuite>
    <testsuite name="Feature" tests="34" assertions="970" errors="0" failures="0" skipped="0" time="14.701491">
      <testsuite name="Tests\Feature\Playground\Lead\Console\Commands\About\CommandTest" file="/app/tests/Feature/Console/Commands/About/CommandTest.php" tests="1" assertions="2" errors="0" failures="0" skipped="0" time="0.462512">
        <testcase name="test_command_about_displays_package_information_and_succeed" file="/app/tests/Feature/Console/Commands/About/CommandTest.php" line="33" class="Tests\Feature\Playground\Lead\Console\Commands\About\CommandTest" classname="Tests.Feature.Playground.Lead.Console.Commands.About.CommandTest" assertions="2" time="0.462512"/>
      </testsuite>
      <testsuite name="Tests\Feature\Playground\Lead\Models\Campaign\ModelTest" file="/app/tests/Feature/Models/Campaign/ModelTest.php" tests="3" assertions="88" errors="0" failures="0" skipped="0" time="1.288692">
        <testcase name="test_model_instance" file="/app/vendor/gammamatrix/playground-test/src/Feature/Models/ModelCase.php" line="109" class="Tests\Feature\Playground\Lead\Models\Campaign\ModelTest" classname="Tests.Feature.Playground.Lead.Models.Campaign.ModelTest" assertions="1" time="0.307247"/>
        <testcase name="test_verify_model_relationships" file="/app/vendor/gammamatrix/playground-test/src/Feature/Models/ModelCase.php" line="528" class="Tests\Feature\Playground\Lead\Models\Campaign\ModelTest" classname="Tests.Feature.Playground.Lead.Models.Campaign.ModelTest" assertions="84" time="0.665835"/>
        <testcase name="test_factory_create" file="/app/vendor/gammamatrix/playground-test/src/Feature/Models/ModelCase.php" line="549" class="Tests\Feature\Playground\Lead\Models\Campaign\ModelTest" classname="Tests.Feature.Playground.Lead.Models.Campaign.ModelTest" assertions="3" time="0.315609"/>
      </testsuite>
      <testsuite name="Tests\Feature\Playground\Lead\Models\Goal\ModelTest" file="/app/tests/Feature/Models/Goal/ModelTest.php" tests="3" assertions="88" errors="0" failures="0" skipped="0" time="1.279385">
        <testcase name="test_model_instance" file="/app/vendor/gammamatrix/playground-test/src/Feature/Models/ModelCase.php" line="109" class="Tests\Feature\Playground\Lead\Models\Goal\ModelTest" classname="Tests.Feature.Playground.Lead.Models.Goal.ModelTest" assertions="1" time="0.317266"/>
        <testcase name="test_verify_model_relationships" file="/app/vendor/gammamatrix/playground-test/src/Feature/Models/ModelCase.php" line="528" class="Tests\Feature\Playground\Lead\Models\Goal\ModelTest" classname="Tests.Feature.Playground.Lead.Models.Goal.ModelTest" assertions="84" time="0.648806"/>
        <testcase name="test_factory_create" file="/app/vendor/gammamatrix/playground-test/src/Feature/Models/ModelCase.php" line="549" class="Tests\Feature\Playground\Lead\Models\Goal\ModelTest" classname="Tests.Feature.Playground.Lead.Models.Goal.ModelTest" assertions="3" time="0.313313"/>
      </testsuite>
      <testsuite name="Tests\Feature\Playground\Lead\Models\Lead\ModelTest" file="/app/tests/Feature/Models/Lead/ModelTest.php" tests="3" assertions="88" errors="0" failures="0" skipped="0" time="1.272158">
        <testcase name="test_model_instance" file="/app/vendor/gammamatrix/playground-test/src/Feature/Models/ModelCase.php" line="109" class="Tests\Feature\Playground\Lead\Models\Lead\ModelTest" classname="Tests.Feature.Playground.Lead.Models.Lead.ModelTest" assertions="1" time="0.308458"/>
        <testcase name="test_verify_model_relationships" file="/app/vendor/gammamatrix/playground-test/src/Feature/Models/ModelCase.php" line="528" class="Tests\Feature\Playground\Lead\Models\Lead\ModelTest" classname="Tests.Feature.Playground.Lead.Models.Lead.ModelTest" assertions="84" time="0.650387"/>
        <testcase name="test_factory_create" file="/app/vendor/gammamatrix/playground-test/src/Feature/Models/ModelCase.php" line="549" class="Tests\Feature\Playground\Lead\Models\Lead\ModelTest" classname="Tests.Feature.Playground.Lead.Models.Lead.ModelTest" assertions="3" time="0.313314"/>
      </testsuite>
      <testsuite name="Tests\Feature\Playground\Lead\Models\Opportunity\ModelTest" file="/app/tests/Feature/Models/Opportunity/ModelTest.php" tests="3" assertions="88" errors="0" failures="0" skipped="0" time="1.283840">
        <testcase name="test_model_instance" file="/app/vendor/gammamatrix/playground-test/src/Feature/Models/ModelCase.php" line="109" class="Tests\Feature\Playground\Lead\Models\Opportunity\ModelTest" classname="Tests.Feature.Playground.Lead.Models.Opportunity.ModelTest" assertions="1" time="0.303603"/>
        <testcase name="test_verify_model_relationships" file="/app/vendor/gammamatrix/playground-test/src/Feature/Models/ModelCase.php" line="528" class="Tests\Feature\Playground\Lead\Models\Opportunity\ModelTest" classname="Tests.Feature.Playground.Lead.Models.Opportunity.ModelTest" assertions="84" time="0.666017"/>
        <testcase name="test_factory_create" file="/app/vendor/gammamatrix/playground-test/src/Feature/Models/ModelCase.php" line="549" class="Tests\Feature\Playground\Lead\Models\Opportunity\ModelTest" classname="Tests.Feature.Playground.Lead.Models.Opportunity.ModelTest" assertions="3" time="0.314220"/>
      </testsuite>
      <testsuite name="Tests\Feature\Playground\Lead\Models\Plan\ModelTest" file="/app/tests/Feature/Models/Plan/ModelTest.php" tests="3" assertions="88" errors="0" failures="0" skipped="0" time="1.267560">
        <testcase name="test_model_instance" file="/app/vendor/gammamatrix/playground-test/src/Feature/Models/ModelCase.php" line="109" class="Tests\Feature\Playground\Lead\Models\Plan\ModelTest" classname="Tests.Feature.Playground.Lead.Models.Plan.ModelTest" assertions="1" time="0.304780"/>
        <testcase name="test_verify_model_relationships" file="/app/vendor/gammamatrix/playground-test/src/Feature/Models/ModelCase.php" line="528" class="Tests\Feature\Playground\Lead\Models\Plan\ModelTest" classname="Tests.Feature.Playground.Lead.Models.Plan.ModelTest" assertions="84" time="0.644750"/>
        <testcase name="test_factory_create" file="/app/vendor/gammamatrix/playground-test/src/Feature/Models/ModelCase.php" line="549" class="Tests\Feature\Playground\Lead\Models\Plan\ModelTest" classname="Tests.Feature.Playground.Lead.Models.Plan.ModelTest" assertions="3" time="0.318029"/>
      </testsuite>
      <testsuite name="Tests\Feature\Playground\Lead\Models\Region\ModelTest" file="/app/tests/Feature/Models/Region/ModelTest.php" tests="3" assertions="88" errors="0" failures="0" skipped="0" time="1.280746">
        <testcase name="test_model_instance" file="/app/vendor/gammamatrix/playground-test/src/Feature/Models/ModelCase.php" line="109" class="Tests\Feature\Playground\Lead\Models\Region\ModelTest" classname="Tests.Feature.Playground.Lead.Models.Region.ModelTest" assertions="1" time="0.303248"/>
        <testcase name="test_verify_model_relationships" file="/app/vendor/gammamatrix/playground-test/src/Feature/Models/ModelCase.php" line="528" class="Tests\Feature\Playground\Lead\Models\Region\ModelTest" classname="Tests.Feature.Playground.Lead.Models.Region.ModelTest" assertions="84" time="0.650386"/>
        <testcase name="test_factory_create" file="/app/vendor/gammamatrix/playground-test/src/Feature/Models/ModelCase.php" line="549" class="Tests\Feature\Playground\Lead\Models\Region\ModelTest" classname="Tests.Feature.Playground.Lead.Models.Region.ModelTest" assertions="3" time="0.327113"/>
      </testsuite>
      <testsuite name="Tests\Feature\Playground\Lead\Models\Report\ModelTest" file="/app/tests/Feature/Models/Report/ModelTest.php" tests="3" assertions="88" errors="0" failures="0" skipped="0" time="1.274791">
        <testcase name="test_model_instance" file="/app/vendor/gammamatrix/playground-test/src/Feature/Models/ModelCase.php" line="109" class="Tests\Feature\Playground\Lead\Models\Report\ModelTest" classname="Tests.Feature.Playground.Lead.Models.Report.ModelTest" assertions="1" time="0.307430"/>
        <testcase name="test_verify_model_relationships" file="/app/vendor/gammamatrix/playground-test/src/Feature/Models/ModelCase.php" line="528" class="Tests\Feature\Playground\Lead\Models\Report\ModelTest" classname="Tests.Feature.Playground.Lead.Models.Report.ModelTest" assertions="84" time="0.645712"/>
        <testcase name="test_factory_create" file="/app/vendor/gammamatrix/playground-test/src/Feature/Models/ModelCase.php" line="549" class="Tests\Feature\Playground\Lead\Models\Report\ModelTest" classname="Tests.Feature.Playground.Lead.Models.Report.ModelTest" assertions="3" time="0.321649"/>
      </testsuite>
      <testsuite name="Tests\Feature\Playground\Lead\Models\Source\ModelTest" file="/app/tests/Feature/Models/Source/ModelTest.php" tests="3" assertions="88" errors="0" failures="0" skipped="0" time="1.271024">
        <testcase name="test_model_instance" file="/app/vendor/gammamatrix/playground-test/src/Feature/Models/ModelCase.php" line="109" class="Tests\Feature\Playground\Lead\Models\Source\ModelTest" classname="Tests.Feature.Playground.Lead.Models.Source.ModelTest" assertions="1" time="0.306327"/>
        <testcase name="test_verify_model_relationships" file="/app/vendor/gammamatrix/playground-test/src/Feature/Models/ModelCase.php" line="528" class="Tests\Feature\Playground\Lead\Models\Source\ModelTest" classname="Tests.Feature.Playground.Lead.Models.Source.ModelTest" assertions="84" time="0.646793"/>
        <testcase name="test_factory_create" file="/app/vendor/gammamatrix/playground-test/src/Feature/Models/ModelCase.php" line="549" class="Tests\Feature\Playground\Lead\Models\Source\ModelTest" classname="Tests.Feature.Playground.Lead.Models.Source.ModelTest" assertions="3" time="0.317903"/>
      </testsuite>
      <testsuite name="Tests\Feature\Playground\Lead\Models\Task\ModelTest" file="/app/tests/Feature/Models/Task/ModelTest.php" tests="3" assertions="88" errors="0" failures="0" skipped="0" time="1.335000">
        <testcase name="test_model_instance" file="/app/vendor/gammamatrix/playground-test/src/Feature/Models/ModelCase.php" line="109" class="Tests\Feature\Playground\Lead\Models\Task\ModelTest" classname="Tests.Feature.Playground.Lead.Models.Task.ModelTest" assertions="1" time="0.303952"/>
        <testcase name="test_verify_model_relationships" file="/app/vendor/gammamatrix/playground-test/src/Feature/Models/ModelCase.php" line="528" class="Tests\Feature\Playground\Lead\Models\Task\ModelTest" classname="Tests.Feature.Playground.Lead.Models.Task.ModelTest" assertions="84" time="0.714097"/>
        <testcase name="test_factory_create" file="/app/vendor/gammamatrix/playground-test/src/Feature/Models/ModelCase.php" line="549" class="Tests\Feature\Playground\Lead\Models\Task\ModelTest" classname="Tests.Feature.Playground.Lead.Models.Task.ModelTest" assertions="3" time="0.316951"/>
      </testsuite>
      <testsuite name="Tests\Feature\Playground\Lead\Models\Team\ModelTest" file="/app/tests/Feature/Models/Team/ModelTest.php" tests="3" assertions="88" errors="0" failures="0" skipped="0" time="1.416244">
        <testcase name="test_model_instance" file="/app/vendor/gammamatrix/playground-test/src/Feature/Models/ModelCase.php" line="109" class="Tests\Feature\Playground\Lead\Models\Team\ModelTest" classname="Tests.Feature.Playground.Lead.Models.Team.ModelTest" assertions="1" time="0.306252"/>
        <testcase name="test_verify_model_relationships" file="/app/vendor/gammamatrix/playground-test/src/Feature/Models/ModelCase.php" line="528" class="Tests\Feature\Playground\Lead\Models\Team\ModelTest" classname="Tests.Feature.Playground.Lead.Models.Team.ModelTest" assertions="84" time="0.788194"/>
        <testcase name="test_factory_create" file="/app/vendor/gammamatrix/playground-test/src/Feature/Models/ModelCase.php" line="549" class="Tests\Feature\Playground\Lead\Models\Team\ModelTest" classname="Tests.Feature.Playground.Lead.Models.Team.ModelTest" assertions="3" time="0.321798"/>
      </testsuite>
      <testsuite name="Tests\Feature\Playground\Lead\Models\Teammate\ModelTest" file="/app/tests/Feature/Models/Teammate/ModelTest.php" tests="3" assertions="88" errors="0" failures="0" skipped="0" time="1.269540">
        <testcase name="test_model_instance" file="/app/vendor/gammamatrix/playground-test/src/Feature/Models/ModelCase.php" line="109" class="Tests\Feature\Playground\Lead\Models\Teammate\ModelTest" classname="Tests.Feature.Playground.Lead.Models.Teammate.ModelTest" assertions="1" time="0.302953"/>
        <testcase name="test_verify_model_relationships" file="/app/vendor/gammamatrix/playground-test/src/Feature/Models/ModelCase.php" line="528" class="Tests\Feature\Playground\Lead\Models\Teammate\ModelTest" classname="Tests.Feature.Playground.Lead.Models.Teammate.ModelTest" assertions="84" time="0.649622"/>
        <testcase name="test_factory_create" file="/app/vendor/gammamatrix/playground-test/src/Feature/Models/ModelCase.php" line="549" class="Tests\Feature\Playground\Lead\Models\Teammate\ModelTest" classname="Tests.Feature.Playground.Lead.Models.Teammate.ModelTest" assertions="3" time="0.316965"/>
      </testsuite>
    </testsuite>
  </testsuite>
</testsuites>
