<?xml version="1.0" encoding="UTF-8"?>
<testsuites>
  <testsuite name="/app/phpunit-ci.xml" tests="67" assertions="1168" errors="0" failures="0" skipped="0" time="16.309264">
    <testsuite name="Unit" tests="33" assertions="198" errors="0" failures="0" skipped="0" time="1.510736">
      <testsuite name="Tests\Unit\Playground\Lead\Models\Campaign\ModelTest" file="/app/tests/Unit/Models/Campaign/ModelTest.php" tests="3" assertions="18" errors="0" failures="0" skipped="0" time="0.735653">
        <testcase name="test_model_instance" file="/app/vendor/gammamatrix/playground-test/src/Unit/Models/ModelCase.php" line="103" class="Tests\Unit\Playground\Lead\Models\Campaign\ModelTest" classname="Tests.Unit.Playground.Lead.Models.Campaign.ModelTest" assertions="1" time="0.252608"/>
        <testcase name="test_verify_model_relationships" file="/app/vendor/gammamatrix/playground-test/src/Unit/Models/ModelCase.php" line="264" class="Tests\Unit\Playground\Lead\Models\Campaign\ModelTest" classname="Tests.Unit.Playground.Lead.Models.Campaign.ModelTest" assertions="14" time="0.449528"/>
        <testcase name="test_model_factory_make" file="/app/vendor/gammamatrix/playground-test/src/Unit/Models/ModelCase.php" line="280" class="Tests\Unit\Playground\Lead\Models\Campaign\ModelTest" classname="Tests.Unit.Playground.Lead.Models.Campaign.ModelTest" assertions="3" time="0.033517"/>
      </testsuite>
      <testsuite name="Tests\Unit\Playground\Lead\Models\Goal\ModelTest" file="/app/tests/Unit/Models/Goal/ModelTest.php" tests="3" assertions="18" errors="0" failures="0" skipped="0" time="0.075271">
        <testcase name="test_model_instance" file="/app/vendor/gammamatrix/playground-test/src/Unit/Models/ModelCase.php" line="103" class="Tests\Unit\Playground\Lead\Models\Goal\ModelTest" classname="Tests.Unit.Playground.Lead.Models.Goal.ModelTest" assertions="1" time="0.021433"/>
        <testcase name="test_verify_model_relationships" file="/app/vendor/gammamatrix/playground-test/src/Unit/Models/ModelCase.php" line="264" class="Tests\Unit\Playground\Lead\Models\Goal\ModelTest" classname="Tests.Unit.Playground.Lead.Models.Goal.ModelTest" assertions="14" time="0.030718"/>
        <testcase name="test_model_factory_make" file="/app/vendor/gammamatrix/playground-test/src/Unit/Models/ModelCase.php" line="280" class="Tests\Unit\Playground\Lead\Models\Goal\ModelTest" classname="Tests.Unit.Playground.Lead.Models.Goal.ModelTest" assertions="3" time="0.023119"/>
      </testsuite>
      <testsuite name="Tests\Unit\Playground\Lead\Models\Lead\ModelTest" file="/app/tests/Unit/Models/Lead/ModelTest.php" tests="3" assertions="18" errors="0" failures="0" skipped="0" time="0.073697">
        <testcase name="test_model_instance" file="/app/vendor/gammamatrix/playground-test/src/Unit/Models/ModelCase.php" line="103" class="Tests\Unit\Playground\Lead\Models\Lead\ModelTest" classname="Tests.Unit.Playground.Lead.Models.Lead.ModelTest" assertions="1" time="0.020660"/>
        <testcase name="test_verify_model_relationships" file="/app/vendor/gammamatrix/playground-test/src/Unit/Models/ModelCase.php" line="264" class="Tests\Unit\Playground\Lead\Models\Lead\ModelTest" classname="Tests.Unit.Playground.Lead.Models.Lead.ModelTest" assertions="14" time="0.029846"/>
        <testcase name="test_model_factory_make" file="/app/vendor/gammamatrix/playground-test/src/Unit/Models/ModelCase.php" line="280" class="Tests\Unit\Playground\Lead\Models\Lead\ModelTest" classname="Tests.Unit.Playground.Lead.Models.Lead.ModelTest" assertions="3" time="0.023191"/>
      </testsuite>
      <testsuite name="Tests\Unit\Playground\Lead\Models\Opportunity\ModelTest" file="/app/tests/Unit/Models/Opportunity/ModelTest.php" tests="3" assertions="18" errors="0" failures="0" skipped="0" time="0.078620">
        <testcase name="test_model_instance" file="/app/vendor/gammamatrix/playground-test/src/Unit/Models/ModelCase.php" line="103" class="Tests\Unit\Playground\Lead\Models\Opportunity\ModelTest" classname="Tests.Unit.Playground.Lead.Models.Opportunity.ModelTest" assertions="1" time="0.022433"/>
        <testcase name="test_verify_model_relationships" file="/app/vendor/gammamatrix/playground-test/src/Unit/Models/ModelCase.php" line="264" class="Tests\Unit\Playground\Lead\Models\Opportunity\ModelTest" classname="Tests.Unit.Playground.Lead.Models.Opportunity.ModelTest" assertions="14" time="0.031297"/>
        <testcase name="test_model_factory_make" file="/app/vendor/gammamatrix/playground-test/src/Unit/Models/ModelCase.php" line="280" class="Tests\Unit\Playground\Lead\Models\Opportunity\ModelTest" classname="Tests.Unit.Playground.Lead.Models.Opportunity.ModelTest" assertions="3" time="0.024890"/>
      </testsuite>
      <testsuite name="Tests\Unit\Playground\Lead\Models\Plan\ModelTest" file="/app/tests/Unit/Models/Plan/ModelTest.php" tests="3" assertions="18" errors="0" failures="0" skipped="0" time="0.078154">
        <testcase name="test_model_instance" file="/app/vendor/gammamatrix/playground-test/src/Unit/Models/ModelCase.php" line="103" class="Tests\Unit\Playground\Lead\Models\Plan\ModelTest" classname="Tests.Unit.Playground.Lead.Models.Plan.ModelTest" assertions="1" time="0.022448"/>
        <testcase name="test_verify_model_relationships" file="/app/vendor/gammamatrix/playground-test/src/Unit/Models/ModelCase.php" line="264" class="Tests\Unit\Playground\Lead\Models\Plan\ModelTest" classname="Tests.Unit.Playground.Lead.Models.Plan.ModelTest" assertions="14" time="0.031205"/>
        <testcase name="test_model_factory_make" file="/app/vendor/gammamatrix/playground-test/src/Unit/Models/ModelCase.php" line="280" class="Tests\Unit\Playground\Lead\Models\Plan\ModelTest" classname="Tests.Unit.Playground.Lead.Models.Plan.ModelTest" assertions="3" time="0.024501"/>
      </testsuite>
      <testsuite name="Tests\Unit\Playground\Lead\Models\Region\ModelTest" file="/app/tests/Unit/Models/Region/ModelTest.php" tests="3" assertions="18" errors="0" failures="0" skipped="0" time="0.076377">
        <testcase name="test_model_instance" file="/app/vendor/gammamatrix/playground-test/src/Unit/Models/ModelCase.php" line="103" class="Tests\Unit\Playground\Lead\Models\Region\ModelTest" classname="Tests.Unit.Playground.Lead.Models.Region.ModelTest" assertions="1" time="0.021940"/>
        <testcase name="test_verify_model_relationships" file="/app/vendor/gammamatrix/playground-test/src/Unit/Models/ModelCase.php" line="264" class="Tests\Unit\Playground\Lead\Models\Region\ModelTest" classname="Tests.Unit.Playground.Lead.Models.Region.ModelTest" assertions="14" time="0.030359"/>
        <testcase name="test_model_factory_make" file="/app/vendor/gammamatrix/playground-test/src/Unit/Models/ModelCase.php" line="280" class="Tests\Unit\Playground\Lead\Models\Region\ModelTest" classname="Tests.Unit.Playground.Lead.Models.Region.ModelTest" assertions="3" time="0.024078"/>
      </testsuite>
      <testsuite name="Tests\Unit\Playground\Lead\Models\Report\ModelTest" file="/app/tests/Unit/Models/Report/ModelTest.php" tests="3" assertions="18" errors="0" failures="0" skipped="0" time="0.080836">
        <testcase name="test_model_instance" file="/app/vendor/gammamatrix/playground-test/src/Unit/Models/ModelCase.php" line="103" class="Tests\Unit\Playground\Lead\Models\Report\ModelTest" classname="Tests.Unit.Playground.Lead.Models.Report.ModelTest" assertions="1" time="0.021864"/>
        <testcase name="test_verify_model_relationships" file="/app/vendor/gammamatrix/playground-test/src/Unit/Models/ModelCase.php" line="264" class="Tests\Unit\Playground\Lead\Models\Report\ModelTest" classname="Tests.Unit.Playground.Lead.Models.Report.ModelTest" assertions="14" time="0.032730"/>
        <testcase name="test_model_factory_make" file="/app/vendor/gammamatrix/playground-test/src/Unit/Models/ModelCase.php" line="280" class="Tests\Unit\Playground\Lead\Models\Report\ModelTest" classname="Tests.Unit.Playground.Lead.Models.Report.ModelTest" assertions="3" time="0.026242"/>
      </testsuite>
      <testsuite name="Tests\Unit\Playground\Lead\Models\Source\ModelTest" file="/app/tests/Unit/Models/Source/ModelTest.php" tests="3" assertions="18" errors="0" failures="0" skipped="0" time="0.080328">
        <testcase name="test_model_instance" file="/app/vendor/gammamatrix/playground-test/src/Unit/Models/ModelCase.php" line="103" class="Tests\Unit\Playground\Lead\Models\Source\ModelTest" classname="Tests.Unit.Playground.Lead.Models.Source.ModelTest" assertions="1" time="0.023073"/>
        <testcase name="test_verify_model_relationships" file="/app/vendor/gammamatrix/playground-test/src/Unit/Models/ModelCase.php" line="264" class="Tests\Unit\Playground\Lead\Models\Source\ModelTest" classname="Tests.Unit.Playground.Lead.Models.Source.ModelTest" assertions="14" time="0.032395"/>
        <testcase name="test_model_factory_make" file="/app/vendor/gammamatrix/playground-test/src/Unit/Models/ModelCase.php" line="280" class="Tests\Unit\Playground\Lead\Models\Source\ModelTest" classname="Tests.Unit.Playground.Lead.Models.Source.ModelTest" assertions="3" time="0.024859"/>
      </testsuite>
      <testsuite name="Tests\Unit\Playground\Lead\Models\Task\ModelTest" file="/app/tests/Unit/Models/Task/ModelTest.php" tests="3" assertions="18" errors="0" failures="0" skipped="0" time="0.078147">
        <testcase name="test_model_instance" file="/app/vendor/gammamatrix/playground-test/src/Unit/Models/ModelCase.php" line="103" class="Tests\Unit\Playground\Lead\Models\Task\ModelTest" classname="Tests.Unit.Playground.Lead.Models.Task.ModelTest" assertions="1" time="0.021622"/>
        <testcase name="test_verify_model_relationships" file="/app/vendor/gammamatrix/playground-test/src/Unit/Models/ModelCase.php" line="264" class="Tests\Unit\Playground\Lead\Models\Task\ModelTest" classname="Tests.Unit.Playground.Lead.Models.Task.ModelTest" assertions="14" time="0.030085"/>
        <testcase name="test_model_factory_make" file="/app/vendor/gammamatrix/playground-test/src/Unit/Models/ModelCase.php" line="280" class="Tests\Unit\Playground\Lead\Models\Task\ModelTest" classname="Tests.Unit.Playground.Lead.Models.Task.ModelTest" assertions="3" time="0.026440"/>
      </testsuite>
      <testsuite name="Tests\Unit\Playground\Lead\Models\Team\ModelTest" file="/app/tests/Unit/Models/Team/ModelTest.php" tests="3" assertions="18" errors="0" failures="0" skipped="0" time="0.078042">
        <testcase name="test_model_instance" file="/app/vendor/gammamatrix/playground-test/src/Unit/Models/ModelCase.php" line="103" class="Tests\Unit\Playground\Lead\Models\Team\ModelTest" classname="Tests.Unit.Playground.Lead.Models.Team.ModelTest" assertions="1" time="0.021567"/>
        <testcase name="test_verify_model_relationships" file="/app/vendor/gammamatrix/playground-test/src/Unit/Models/ModelCase.php" line="264" class="Tests\Unit\Playground\Lead\Models\Team\ModelTest" classname="Tests.Unit.Playground.Lead.Models.Team.ModelTest" assertions="14" time="0.031313"/>
        <testcase name="test_model_factory_make" file="/app/vendor/gammamatrix/playground-test/src/Unit/Models/ModelCase.php" line="280" class="Tests\Unit\Playground\Lead\Models\Team\ModelTest" classname="Tests.Unit.Playground.Lead.Models.Team.ModelTest" assertions="3" time="0.025161"/>
      </testsuite>
      <testsuite name="Tests\Unit\Playground\Lead\Models\Teammate\ModelTest" file="/app/tests/Unit/Models/Teammate/ModelTest.php" tests="3" assertions="18" errors="0" failures="0" skipped="0" time="0.075612">
        <testcase name="test_model_instance" file="/app/vendor/gammamatrix/playground-test/src/Unit/Models/ModelCase.php" line="103" class="Tests\Unit\Playground\Lead\Models\Teammate\ModelTest" classname="Tests.Unit.Playground.Lead.Models.Teammate.ModelTest" assertions="1" time="0.021622"/>
        <testcase name="test_verify_model_relationships" file="/app/vendor/gammamatrix/playground-test/src/Unit/Models/ModelCase.php" line="264" class="Tests\Unit\Playground\Lead\Models\Teammate\ModelTest" classname="Tests.Unit.Playground.Lead.Models.Teammate.ModelTest" assertions="14" time="0.030434"/>
        <testcase name="test_model_factory_make" file="/app/vendor/gammamatrix/playground-test/src/Unit/Models/ModelCase.php" line="280" class="Tests\Unit\Playground\Lead\Models\Teammate\ModelTest" classname="Tests.Unit.Playground.Lead.Models.Teammate.ModelTest" assertions="3" time="0.023556"/>
      </testsuite>
    </testsuite>
    <testsuite name="Feature" tests="34" assertions="970" errors="0" failures="0" skipped="0" time="14.798528">
      <testsuite name="Tests\Feature\Playground\Lead\Console\Commands\About\CommandTest" file="/app/tests/Feature/Console/Commands/About/CommandTest.php" tests="1" assertions="2" errors="0" failures="0" skipped="0" time="0.462367">
        <testcase name="test_command_about_displays_package_information_and_succeed" file="/app/tests/Feature/Console/Commands/About/CommandTest.php" line="33" class="Tests\Feature\Playground\Lead\Console\Commands\About\CommandTest" classname="Tests.Feature.Playground.Lead.Console.Commands.About.CommandTest" assertions="2" time="0.462367"/>
      </testsuite>
      <testsuite name="Tests\Feature\Playground\Lead\Models\Campaign\ModelTest" file="/app/tests/Feature/Models/Campaign/ModelTest.php" tests="3" assertions="88" errors="0" failures="0" skipped="0" time="1.295247">
        <testcase name="test_model_instance" file="/app/vendor/gammamatrix/playground-test/src/Feature/Models/ModelCase.php" line="109" class="Tests\Feature\Playground\Lead\Models\Campaign\ModelTest" classname="Tests.Feature.Playground.Lead.Models.Campaign.ModelTest" assertions="1" time="0.309240"/>
        <testcase name="test_verify_model_relationships" file="/app/vendor/gammamatrix/playground-test/src/Feature/Models/ModelCase.php" line="528" class="Tests\Feature\Playground\Lead\Models\Campaign\ModelTest" classname="Tests.Feature.Playground.Lead.Models.Campaign.ModelTest" assertions="84" time="0.669567"/>
        <testcase name="test_factory_create" file="/app/vendor/gammamatrix/playground-test/src/Feature/Models/ModelCase.php" line="549" class="Tests\Feature\Playground\Lead\Models\Campaign\ModelTest" classname="Tests.Feature.Playground.Lead.Models.Campaign.ModelTest" assertions="3" time="0.316440"/>
      </testsuite>
      <testsuite name="Tests\Feature\Playground\Lead\Models\Goal\ModelTest" file="/app/tests/Feature/Models/Goal/ModelTest.php" tests="3" assertions="88" errors="0" failures="0" skipped="0" time="1.278256">
        <testcase name="test_model_instance" file="/app/vendor/gammamatrix/playground-test/src/Feature/Models/ModelCase.php" line="109" class="Tests\Feature\Playground\Lead\Models\Goal\ModelTest" classname="Tests.Feature.Playground.Lead.Models.Goal.ModelTest" assertions="1" time="0.310993"/>
        <testcase name="test_verify_model_relationships" file="/app/vendor/gammamatrix/playground-test/src/Feature/Models/ModelCase.php" line="528" class="Tests\Feature\Playground\Lead\Models\Goal\ModelTest" classname="Tests.Feature.Playground.Lead.Models.Goal.ModelTest" assertions="84" time="0.650975"/>
        <testcase name="test_factory_create" file="/app/vendor/gammamatrix/playground-test/src/Feature/Models/ModelCase.php" line="549" class="Tests\Feature\Playground\Lead\Models\Goal\ModelTest" classname="Tests.Feature.Playground.Lead.Models.Goal.ModelTest" assertions="3" time="0.316289"/>
      </testsuite>
      <testsuite name="Tests\Feature\Playground\Lead\Models\Lead\ModelTest" file="/app/tests/Feature/Models/Lead/ModelTest.php" tests="3" assertions="88" errors="0" failures="0" skipped="0" time="1.277169">
        <testcase name="test_model_instance" file="/app/vendor/gammamatrix/playground-test/src/Feature/Models/ModelCase.php" line="109" class="Tests\Feature\Playground\Lead\Models\Lead\ModelTest" classname="Tests.Feature.Playground.Lead.Models.Lead.ModelTest" assertions="1" time="0.310064"/>
        <testcase name="test_verify_model_relationships" file="/app/vendor/gammamatrix/playground-test/src/Feature/Models/ModelCase.php" line="528" class="Tests\Feature\Playground\Lead\Models\Lead\ModelTest" classname="Tests.Feature.Playground.Lead.Models.Lead.ModelTest" assertions="84" time="0.652185"/>
        <testcase name="test_factory_create" file="/app/vendor/gammamatrix/playground-test/src/Feature/Models/ModelCase.php" line="549" class="Tests\Feature\Playground\Lead\Models\Lead\ModelTest" classname="Tests.Feature.Playground.Lead.Models.Lead.ModelTest" assertions="3" time="0.314920"/>
      </testsuite>
      <testsuite name="Tests\Feature\Playground\Lead\Models\Opportunity\ModelTest" file="/app/tests/Feature/Models/Opportunity/ModelTest.php" tests="3" assertions="88" errors="0" failures="0" skipped="0" time="1.270858">
        <testcase name="test_model_instance" file="/app/vendor/gammamatrix/playground-test/src/Feature/Models/ModelCase.php" line="109" class="Tests\Feature\Playground\Lead\Models\Opportunity\ModelTest" classname="Tests.Feature.Playground.Lead.Models.Opportunity.ModelTest" assertions="1" time="0.305615"/>
        <testcase name="test_verify_model_relationships" file="/app/vendor/gammamatrix/playground-test/src/Feature/Models/ModelCase.php" line="528" class="Tests\Feature\Playground\Lead\Models\Opportunity\ModelTest" classname="Tests.Feature.Playground.Lead.Models.Opportunity.ModelTest" assertions="84" time="0.647670"/>
        <testcase name="test_factory_create" file="/app/vendor/gammamatrix/playground-test/src/Feature/Models/ModelCase.php" line="549" class="Tests\Feature\Playground\Lead\Models\Opportunity\ModelTest" classname="Tests.Feature.Playground.Lead.Models.Opportunity.ModelTest" assertions="3" time="0.317573"/>
      </testsuite>
      <testsuite name="Tests\Feature\Playground\Lead\Models\Plan\ModelTest" file="/app/tests/Feature/Models/Plan/ModelTest.php" tests="3" assertions="88" errors="0" failures="0" skipped="0" time="1.288393">
        <testcase name="test_model_instance" file="/app/vendor/gammamatrix/playground-test/src/Feature/Models/ModelCase.php" line="109" class="Tests\Feature\Playground\Lead\Models\Plan\ModelTest" classname="Tests.Feature.Playground.Lead.Models.Plan.ModelTest" assertions="1" time="0.309724"/>
        <testcase name="test_verify_model_relationships" file="/app/vendor/gammamatrix/playground-test/src/Feature/Models/ModelCase.php" line="528" class="Tests\Feature\Playground\Lead\Models\Plan\ModelTest" classname="Tests.Feature.Playground.Lead.Models.Plan.ModelTest" assertions="84" time="0.656565"/>
        <testcase name="test_factory_create" file="/app/vendor/gammamatrix/playground-test/src/Feature/Models/ModelCase.php" line="549" class="Tests\Feature\Playground\Lead\Models\Plan\ModelTest" classname="Tests.Feature.Playground.Lead.Models.Plan.ModelTest" assertions="3" time="0.322104"/>
      </testsuite>
      <testsuite name="Tests\Feature\Playground\Lead\Models\Region\ModelTest" file="/app/tests/Feature/Models/Region/ModelTest.php" tests="3" assertions="88" errors="0" failures="0" skipped="0" time="1.289261">
        <testcase name="test_model_instance" file="/app/vendor/gammamatrix/playground-test/src/Feature/Models/ModelCase.php" line="109" class="Tests\Feature\Playground\Lead\Models\Region\ModelTest" classname="Tests.Feature.Playground.Lead.Models.Region.ModelTest" assertions="1" time="0.308361"/>
        <testcase name="test_verify_model_relationships" file="/app/vendor/gammamatrix/playground-test/src/Feature/Models/ModelCase.php" line="528" class="Tests\Feature\Playground\Lead\Models\Region\ModelTest" classname="Tests.Feature.Playground.Lead.Models.Region.ModelTest" assertions="84" time="0.649881"/>
        <testcase name="test_factory_create" file="/app/vendor/gammamatrix/playground-test/src/Feature/Models/ModelCase.php" line="549" class="Tests\Feature\Playground\Lead\Models\Region\ModelTest" classname="Tests.Feature.Playground.Lead.Models.Region.ModelTest" assertions="3" time="0.331019"/>
      </testsuite>
      <testsuite name="Tests\Feature\Playground\Lead\Models\Report\ModelTest" file="/app/tests/Feature/Models/Report/ModelTest.php" tests="3" assertions="88" errors="0" failures="0" skipped="0" time="1.279002">
        <testcase name="test_model_instance" file="/app/vendor/gammamatrix/playground-test/src/Feature/Models/ModelCase.php" line="109" class="Tests\Feature\Playground\Lead\Models\Report\ModelTest" classname="Tests.Feature.Playground.Lead.Models.Report.ModelTest" assertions="1" time="0.304146"/>
        <testcase name="test_verify_model_relationships" file="/app/vendor/gammamatrix/playground-test/src/Feature/Models/ModelCase.php" line="528" class="Tests\Feature\Playground\Lead\Models\Report\ModelTest" classname="Tests.Feature.Playground.Lead.Models.Report.ModelTest" assertions="84" time="0.654640"/>
        <testcase name="test_factory_create" file="/app/vendor/gammamatrix/playground-test/src/Feature/Models/ModelCase.php" line="549" class="Tests\Feature\Playground\Lead\Models\Report\ModelTest" classname="Tests.Feature.Playground.Lead.Models.Report.ModelTest" assertions="3" time="0.320216"/>
      </testsuite>
      <testsuite name="Tests\Feature\Playground\Lead\Models\Source\ModelTest" file="/app/tests/Feature/Models/Source/ModelTest.php" tests="3" assertions="88" errors="0" failures="0" skipped="0" time="1.287009">
        <testcase name="test_model_instance" file="/app/vendor/gammamatrix/playground-test/src/Feature/Models/ModelCase.php" line="109" class="Tests\Feature\Playground\Lead\Models\Source\ModelTest" classname="Tests.Feature.Playground.Lead.Models.Source.ModelTest" assertions="1" time="0.314092"/>
        <testcase name="test_verify_model_relationships" file="/app/vendor/gammamatrix/playground-test/src/Feature/Models/ModelCase.php" line="528" class="Tests\Feature\Playground\Lead\Models\Source\ModelTest" classname="Tests.Feature.Playground.Lead.Models.Source.ModelTest" assertions="84" time="0.652277"/>
        <testcase name="test_factory_create" file="/app/vendor/gammamatrix/playground-test/src/Feature/Models/ModelCase.php" line="549" class="Tests\Feature\Playground\Lead\Models\Source\ModelTest" classname="Tests.Feature.Playground.Lead.Models.Source.ModelTest" assertions="3" time="0.320639"/>
      </testsuite>
      <testsuite name="Tests\Feature\Playground\Lead\Models\Task\ModelTest" file="/app/tests/Feature/Models/Task/ModelTest.php" tests="3" assertions="88" errors="0" failures="0" skipped="0" time="1.353945">
        <testcase name="test_model_instance" file="/app/vendor/gammamatrix/playground-test/src/Feature/Models/ModelCase.php" line="109" class="Tests\Feature\Playground\Lead\Models\Task\ModelTest" classname="Tests.Feature.Playground.Lead.Models.Task.ModelTest" assertions="1" time="0.311736"/>
        <testcase name="test_verify_model_relationships" file="/app/vendor/gammamatrix/playground-test/src/Feature/Models/ModelCase.php" line="528" class="Tests\Feature\Playground\Lead\Models\Task\ModelTest" classname="Tests.Feature.Playground.Lead.Models.Task.ModelTest" assertions="84" time="0.715641"/>
        <testcase name="test_factory_create" file="/app/vendor/gammamatrix/playground-test/src/Feature/Models/ModelCase.php" line="549" class="Tests\Feature\Playground\Lead\Models\Task\ModelTest" classname="Tests.Feature.Playground.Lead.Models.Task.ModelTest" assertions="3" time="0.326568"/>
      </testsuite>
      <testsuite name="Tests\Feature\Playground\Lead\Models\Team\ModelTest" file="/app/tests/Feature/Models/Team/ModelTest.php" tests="3" assertions="88" errors="0" failures="0" skipped="0" time="1.430109">
        <testcase name="test_model_instance" file="/app/vendor/gammamatrix/playground-test/src/Feature/Models/ModelCase.php" line="109" class="Tests\Feature\Playground\Lead\Models\Team\ModelTest" classname="Tests.Feature.Playground.Lead.Models.Team.ModelTest" assertions="1" time="0.303403"/>
        <testcase name="test_verify_model_relationships" file="/app/vendor/gammamatrix/playground-test/src/Feature/Models/ModelCase.php" line="528" class="Tests\Feature\Playground\Lead\Models\Team\ModelTest" classname="Tests.Feature.Playground.Lead.Models.Team.ModelTest" assertions="84" time="0.806512"/>
        <testcase name="test_factory_create" file="/app/vendor/gammamatrix/playground-test/src/Feature/Models/ModelCase.php" line="549" class="Tests\Feature\Playground\Lead\Models\Team\ModelTest" classname="Tests.Feature.Playground.Lead.Models.Team.ModelTest" assertions="3" time="0.320194"/>
      </testsuite>
      <testsuite name="Tests\Feature\Playground\Lead\Models\Teammate\ModelTest" file="/app/tests/Feature/Models/Teammate/ModelTest.php" tests="3" assertions="88" errors="0" failures="0" skipped="0" time="1.286913">
        <testcase name="test_model_instance" file="/app/vendor/gammamatrix/playground-test/src/Feature/Models/ModelCase.php" line="109" class="Tests\Feature\Playground\Lead\Models\Teammate\ModelTest" classname="Tests.Feature.Playground.Lead.Models.Teammate.ModelTest" assertions="1" time="0.306877"/>
        <testcase name="test_verify_model_relationships" file="/app/vendor/gammamatrix/playground-test/src/Feature/Models/ModelCase.php" line="528" class="Tests\Feature\Playground\Lead\Models\Teammate\ModelTest" classname="Tests.Feature.Playground.Lead.Models.Teammate.ModelTest" assertions="84" time="0.660024"/>
        <testcase name="test_factory_create" file="/app/vendor/gammamatrix/playground-test/src/Feature/Models/ModelCase.php" line="549" class="Tests\Feature\Playground\Lead\Models\Teammate\ModelTest" classname="Tests.Feature.Playground.Lead.Models.Teammate.ModelTest" assertions="3" time="0.320011"/>
      </testsuite>
    </testsuite>
  </testsuite>
</testsuites>
