<?xml version="1.0" encoding="UTF-8"?>
<testsuites>
  <testsuite name="/app/phpunit-ci.xml" tests="67" assertions="1168" errors="0" failures="0" skipped="0" time="16.613650">
    <testsuite name="Unit" tests="33" assertions="198" errors="0" failures="0" skipped="0" time="1.549421">
      <testsuite name="Tests\Unit\Playground\Lead\Models\Campaign\ModelTest" file="/app/tests/Unit/Models/Campaign/ModelTest.php" tests="3" assertions="18" errors="0" failures="0" skipped="0" time="0.750364">
        <testcase name="test_model_instance" file="/app/vendor/gammamatrix/playground-test/src/Unit/Models/ModelCase.php" line="103" class="Tests\Unit\Playground\Lead\Models\Campaign\ModelTest" classname="Tests.Unit.Playground.Lead.Models.Campaign.ModelTest" assertions="1" time="0.257950"/>
        <testcase name="test_verify_model_relationships" file="/app/vendor/gammamatrix/playground-test/src/Unit/Models/ModelCase.php" line="264" class="Tests\Unit\Playground\Lead\Models\Campaign\ModelTest" classname="Tests.Unit.Playground.Lead.Models.Campaign.ModelTest" assertions="14" time="0.456616"/>
        <testcase name="test_model_factory_make" file="/app/vendor/gammamatrix/playground-test/src/Unit/Models/ModelCase.php" line="280" class="Tests\Unit\Playground\Lead\Models\Campaign\ModelTest" classname="Tests.Unit.Playground.Lead.Models.Campaign.ModelTest" assertions="3" time="0.035797"/>
      </testsuite>
      <testsuite name="Tests\Unit\Playground\Lead\Models\Goal\ModelTest" file="/app/tests/Unit/Models/Goal/ModelTest.php" tests="3" assertions="18" errors="0" failures="0" skipped="0" time="0.078019">
        <testcase name="test_model_instance" file="/app/vendor/gammamatrix/playground-test/src/Unit/Models/ModelCase.php" line="103" class="Tests\Unit\Playground\Lead\Models\Goal\ModelTest" classname="Tests.Unit.Playground.Lead.Models.Goal.ModelTest" assertions="1" time="0.022449"/>
        <testcase name="test_verify_model_relationships" file="/app/vendor/gammamatrix/playground-test/src/Unit/Models/ModelCase.php" line="264" class="Tests\Unit\Playground\Lead\Models\Goal\ModelTest" classname="Tests.Unit.Playground.Lead.Models.Goal.ModelTest" assertions="14" time="0.031483"/>
        <testcase name="test_model_factory_make" file="/app/vendor/gammamatrix/playground-test/src/Unit/Models/ModelCase.php" line="280" class="Tests\Unit\Playground\Lead\Models\Goal\ModelTest" classname="Tests.Unit.Playground.Lead.Models.Goal.ModelTest" assertions="3" time="0.024087"/>
      </testsuite>
      <testsuite name="Tests\Unit\Playground\Lead\Models\Lead\ModelTest" file="/app/tests/Unit/Models/Lead/ModelTest.php" tests="3" assertions="18" errors="0" failures="0" skipped="0" time="0.078149">
        <testcase name="test_model_instance" file="/app/vendor/gammamatrix/playground-test/src/Unit/Models/ModelCase.php" line="103" class="Tests\Unit\Playground\Lead\Models\Lead\ModelTest" classname="Tests.Unit.Playground.Lead.Models.Lead.ModelTest" assertions="1" time="0.022878"/>
        <testcase name="test_verify_model_relationships" file="/app/vendor/gammamatrix/playground-test/src/Unit/Models/ModelCase.php" line="264" class="Tests\Unit\Playground\Lead\Models\Lead\ModelTest" classname="Tests.Unit.Playground.Lead.Models.Lead.ModelTest" assertions="14" time="0.031170"/>
        <testcase name="test_model_factory_make" file="/app/vendor/gammamatrix/playground-test/src/Unit/Models/ModelCase.php" line="280" class="Tests\Unit\Playground\Lead\Models\Lead\ModelTest" classname="Tests.Unit.Playground.Lead.Models.Lead.ModelTest" assertions="3" time="0.024101"/>
      </testsuite>
      <testsuite name="Tests\Unit\Playground\Lead\Models\Opportunity\ModelTest" file="/app/tests/Unit/Models/Opportunity/ModelTest.php" tests="3" assertions="18" errors="0" failures="0" skipped="0" time="0.080933">
        <testcase name="test_model_instance" file="/app/vendor/gammamatrix/playground-test/src/Unit/Models/ModelCase.php" line="103" class="Tests\Unit\Playground\Lead\Models\Opportunity\ModelTest" classname="Tests.Unit.Playground.Lead.Models.Opportunity.ModelTest" assertions="1" time="0.023249"/>
        <testcase name="test_verify_model_relationships" file="/app/vendor/gammamatrix/playground-test/src/Unit/Models/ModelCase.php" line="264" class="Tests\Unit\Playground\Lead\Models\Opportunity\ModelTest" classname="Tests.Unit.Playground.Lead.Models.Opportunity.ModelTest" assertions="14" time="0.032511"/>
        <testcase name="test_model_factory_make" file="/app/vendor/gammamatrix/playground-test/src/Unit/Models/ModelCase.php" line="280" class="Tests\Unit\Playground\Lead\Models\Opportunity\ModelTest" classname="Tests.Unit.Playground.Lead.Models.Opportunity.ModelTest" assertions="3" time="0.025174"/>
      </testsuite>
      <testsuite name="Tests\Unit\Playground\Lead\Models\Plan\ModelTest" file="/app/tests/Unit/Models/Plan/ModelTest.php" tests="3" assertions="18" errors="0" failures="0" skipped="0" time="0.080096">
        <testcase name="test_model_instance" file="/app/vendor/gammamatrix/playground-test/src/Unit/Models/ModelCase.php" line="103" class="Tests\Unit\Playground\Lead\Models\Plan\ModelTest" classname="Tests.Unit.Playground.Lead.Models.Plan.ModelTest" assertions="1" time="0.023071"/>
        <testcase name="test_verify_model_relationships" file="/app/vendor/gammamatrix/playground-test/src/Unit/Models/ModelCase.php" line="264" class="Tests\Unit\Playground\Lead\Models\Plan\ModelTest" classname="Tests.Unit.Playground.Lead.Models.Plan.ModelTest" assertions="14" time="0.031922"/>
        <testcase name="test_model_factory_make" file="/app/vendor/gammamatrix/playground-test/src/Unit/Models/ModelCase.php" line="280" class="Tests\Unit\Playground\Lead\Models\Plan\ModelTest" classname="Tests.Unit.Playground.Lead.Models.Plan.ModelTest" assertions="3" time="0.025102"/>
      </testsuite>
      <testsuite name="Tests\Unit\Playground\Lead\Models\Region\ModelTest" file="/app/tests/Unit/Models/Region/ModelTest.php" tests="3" assertions="18" errors="0" failures="0" skipped="0" time="0.079421">
        <testcase name="test_model_instance" file="/app/vendor/gammamatrix/playground-test/src/Unit/Models/ModelCase.php" line="103" class="Tests\Unit\Playground\Lead\Models\Region\ModelTest" classname="Tests.Unit.Playground.Lead.Models.Region.ModelTest" assertions="1" time="0.022685"/>
        <testcase name="test_verify_model_relationships" file="/app/vendor/gammamatrix/playground-test/src/Unit/Models/ModelCase.php" line="264" class="Tests\Unit\Playground\Lead\Models\Region\ModelTest" classname="Tests.Unit.Playground.Lead.Models.Region.ModelTest" assertions="14" time="0.031644"/>
        <testcase name="test_model_factory_make" file="/app/vendor/gammamatrix/playground-test/src/Unit/Models/ModelCase.php" line="280" class="Tests\Unit\Playground\Lead\Models\Region\ModelTest" classname="Tests.Unit.Playground.Lead.Models.Region.ModelTest" assertions="3" time="0.025092"/>
      </testsuite>
      <testsuite name="Tests\Unit\Playground\Lead\Models\Report\ModelTest" file="/app/tests/Unit/Models/Report/ModelTest.php" tests="3" assertions="18" errors="0" failures="0" skipped="0" time="0.082826">
        <testcase name="test_model_instance" file="/app/vendor/gammamatrix/playground-test/src/Unit/Models/ModelCase.php" line="103" class="Tests\Unit\Playground\Lead\Models\Report\ModelTest" classname="Tests.Unit.Playground.Lead.Models.Report.ModelTest" assertions="1" time="0.022385"/>
        <testcase name="test_verify_model_relationships" file="/app/vendor/gammamatrix/playground-test/src/Unit/Models/ModelCase.php" line="264" class="Tests\Unit\Playground\Lead\Models\Report\ModelTest" classname="Tests.Unit.Playground.Lead.Models.Report.ModelTest" assertions="14" time="0.033671"/>
        <testcase name="test_model_factory_make" file="/app/vendor/gammamatrix/playground-test/src/Unit/Models/ModelCase.php" line="280" class="Tests\Unit\Playground\Lead\Models\Report\ModelTest" classname="Tests.Unit.Playground.Lead.Models.Report.ModelTest" assertions="3" time="0.026769"/>
      </testsuite>
      <testsuite name="Tests\Unit\Playground\Lead\Models\Source\ModelTest" file="/app/tests/Unit/Models/Source/ModelTest.php" tests="3" assertions="18" errors="0" failures="0" skipped="0" time="0.081584">
        <testcase name="test_model_instance" file="/app/vendor/gammamatrix/playground-test/src/Unit/Models/ModelCase.php" line="103" class="Tests\Unit\Playground\Lead\Models\Source\ModelTest" classname="Tests.Unit.Playground.Lead.Models.Source.ModelTest" assertions="1" time="0.022915"/>
        <testcase name="test_verify_model_relationships" file="/app/vendor/gammamatrix/playground-test/src/Unit/Models/ModelCase.php" line="264" class="Tests\Unit\Playground\Lead\Models\Source\ModelTest" classname="Tests.Unit.Playground.Lead.Models.Source.ModelTest" assertions="14" time="0.033169"/>
        <testcase name="test_model_factory_make" file="/app/vendor/gammamatrix/playground-test/src/Unit/Models/ModelCase.php" line="280" class="Tests\Unit\Playground\Lead\Models\Source\ModelTest" classname="Tests.Unit.Playground.Lead.Models.Source.ModelTest" assertions="3" time="0.025500"/>
      </testsuite>
      <testsuite name="Tests\Unit\Playground\Lead\Models\Task\ModelTest" file="/app/tests/Unit/Models/Task/ModelTest.php" tests="3" assertions="18" errors="0" failures="0" skipped="0" time="0.081170">
        <testcase name="test_model_instance" file="/app/vendor/gammamatrix/playground-test/src/Unit/Models/ModelCase.php" line="103" class="Tests\Unit\Playground\Lead\Models\Task\ModelTest" classname="Tests.Unit.Playground.Lead.Models.Task.ModelTest" assertions="1" time="0.022548"/>
        <testcase name="test_verify_model_relationships" file="/app/vendor/gammamatrix/playground-test/src/Unit/Models/ModelCase.php" line="264" class="Tests\Unit\Playground\Lead\Models\Task\ModelTest" classname="Tests.Unit.Playground.Lead.Models.Task.ModelTest" assertions="14" time="0.031306"/>
        <testcase name="test_model_factory_make" file="/app/vendor/gammamatrix/playground-test/src/Unit/Models/ModelCase.php" line="280" class="Tests\Unit\Playground\Lead\Models\Task\ModelTest" classname="Tests.Unit.Playground.Lead.Models.Task.ModelTest" assertions="3" time="0.027315"/>
      </testsuite>
      <testsuite name="Tests\Unit\Playground\Lead\Models\Team\ModelTest" file="/app/tests/Unit/Models/Team/ModelTest.php" tests="3" assertions="18" errors="0" failures="0" skipped="0" time="0.079324">
        <testcase name="test_model_instance" file="/app/vendor/gammamatrix/playground-test/src/Unit/Models/ModelCase.php" line="103" class="Tests\Unit\Playground\Lead\Models\Team\ModelTest" classname="Tests.Unit.Playground.Lead.Models.Team.ModelTest" assertions="1" time="0.022381"/>
        <testcase name="test_verify_model_relationships" file="/app/vendor/gammamatrix/playground-test/src/Unit/Models/ModelCase.php" line="264" class="Tests\Unit\Playground\Lead\Models\Team\ModelTest" classname="Tests.Unit.Playground.Lead.Models.Team.ModelTest" assertions="14" time="0.031131"/>
        <testcase name="test_model_factory_make" file="/app/vendor/gammamatrix/playground-test/src/Unit/Models/ModelCase.php" line="280" class="Tests\Unit\Playground\Lead\Models\Team\ModelTest" classname="Tests.Unit.Playground.Lead.Models.Team.ModelTest" assertions="3" time="0.025812"/>
      </testsuite>
      <testsuite name="Tests\Unit\Playground\Lead\Models\Teammate\ModelTest" file="/app/tests/Unit/Models/Teammate/ModelTest.php" tests="3" assertions="18" errors="0" failures="0" skipped="0" time="0.077535">
        <testcase name="test_model_instance" file="/app/vendor/gammamatrix/playground-test/src/Unit/Models/ModelCase.php" line="103" class="Tests\Unit\Playground\Lead\Models\Teammate\ModelTest" classname="Tests.Unit.Playground.Lead.Models.Teammate.ModelTest" assertions="1" time="0.022150"/>
        <testcase name="test_verify_model_relationships" file="/app/vendor/gammamatrix/playground-test/src/Unit/Models/ModelCase.php" line="264" class="Tests\Unit\Playground\Lead\Models\Teammate\ModelTest" classname="Tests.Unit.Playground.Lead.Models.Teammate.ModelTest" assertions="14" time="0.031257"/>
        <testcase name="test_model_factory_make" file="/app/vendor/gammamatrix/playground-test/src/Unit/Models/ModelCase.php" line="280" class="Tests\Unit\Playground\Lead\Models\Teammate\ModelTest" classname="Tests.Unit.Playground.Lead.Models.Teammate.ModelTest" assertions="3" time="0.024128"/>
      </testsuite>
    </testsuite>
    <testsuite name="Feature" tests="34" assertions="970" errors="0" failures="0" skipped="0" time="15.064230">
      <testsuite name="Tests\Feature\Playground\Lead\Console\Commands\About\CommandTest" file="/app/tests/Feature/Console/Commands/About/CommandTest.php" tests="1" assertions="2" errors="0" failures="0" skipped="0" time="0.468305">
        <testcase name="test_command_about_displays_package_information_and_succeed" file="/app/tests/Feature/Console/Commands/About/CommandTest.php" line="33" class="Tests\Feature\Playground\Lead\Console\Commands\About\CommandTest" classname="Tests.Feature.Playground.Lead.Console.Commands.About.CommandTest" assertions="2" time="0.468305"/>
      </testsuite>
      <testsuite name="Tests\Feature\Playground\Lead\Models\Campaign\ModelTest" file="/app/tests/Feature/Models/Campaign/ModelTest.php" tests="3" assertions="88" errors="0" failures="0" skipped="0" time="1.309146">
        <testcase name="test_model_instance" file="/app/vendor/gammamatrix/playground-test/src/Feature/Models/ModelCase.php" line="109" class="Tests\Feature\Playground\Lead\Models\Campaign\ModelTest" classname="Tests.Feature.Playground.Lead.Models.Campaign.ModelTest" assertions="1" time="0.313068"/>
        <testcase name="test_verify_model_relationships" file="/app/vendor/gammamatrix/playground-test/src/Feature/Models/ModelCase.php" line="528" class="Tests\Feature\Playground\Lead\Models\Campaign\ModelTest" classname="Tests.Feature.Playground.Lead.Models.Campaign.ModelTest" assertions="84" time="0.676093"/>
        <testcase name="test_factory_create" file="/app/vendor/gammamatrix/playground-test/src/Feature/Models/ModelCase.php" line="549" class="Tests\Feature\Playground\Lead\Models\Campaign\ModelTest" classname="Tests.Feature.Playground.Lead.Models.Campaign.ModelTest" assertions="3" time="0.319985"/>
      </testsuite>
      <testsuite name="Tests\Feature\Playground\Lead\Models\Goal\ModelTest" file="/app/tests/Feature/Models/Goal/ModelTest.php" tests="3" assertions="88" errors="0" failures="0" skipped="0" time="1.290603">
        <testcase name="test_model_instance" file="/app/vendor/gammamatrix/playground-test/src/Feature/Models/ModelCase.php" line="109" class="Tests\Feature\Playground\Lead\Models\Goal\ModelTest" classname="Tests.Feature.Playground.Lead.Models.Goal.ModelTest" assertions="1" time="0.314072"/>
        <testcase name="test_verify_model_relationships" file="/app/vendor/gammamatrix/playground-test/src/Feature/Models/ModelCase.php" line="528" class="Tests\Feature\Playground\Lead\Models\Goal\ModelTest" classname="Tests.Feature.Playground.Lead.Models.Goal.ModelTest" assertions="84" time="0.655171"/>
        <testcase name="test_factory_create" file="/app/vendor/gammamatrix/playground-test/src/Feature/Models/ModelCase.php" line="549" class="Tests\Feature\Playground\Lead\Models\Goal\ModelTest" classname="Tests.Feature.Playground.Lead.Models.Goal.ModelTest" assertions="3" time="0.321360"/>
      </testsuite>
      <testsuite name="Tests\Feature\Playground\Lead\Models\Lead\ModelTest" file="/app/tests/Feature/Models/Lead/ModelTest.php" tests="3" assertions="88" errors="0" failures="0" skipped="0" time="1.292173">
        <testcase name="test_model_instance" file="/app/vendor/gammamatrix/playground-test/src/Feature/Models/ModelCase.php" line="109" class="Tests\Feature\Playground\Lead\Models\Lead\ModelTest" classname="Tests.Feature.Playground.Lead.Models.Lead.ModelTest" assertions="1" time="0.314157"/>
        <testcase name="test_verify_model_relationships" file="/app/vendor/gammamatrix/playground-test/src/Feature/Models/ModelCase.php" line="528" class="Tests\Feature\Playground\Lead\Models\Lead\ModelTest" classname="Tests.Feature.Playground.Lead.Models.Lead.ModelTest" assertions="84" time="0.658695"/>
        <testcase name="test_factory_create" file="/app/vendor/gammamatrix/playground-test/src/Feature/Models/ModelCase.php" line="549" class="Tests\Feature\Playground\Lead\Models\Lead\ModelTest" classname="Tests.Feature.Playground.Lead.Models.Lead.ModelTest" assertions="3" time="0.319321"/>
      </testsuite>
      <testsuite name="Tests\Feature\Playground\Lead\Models\Opportunity\ModelTest" file="/app/tests/Feature/Models/Opportunity/ModelTest.php" tests="3" assertions="88" errors="0" failures="0" skipped="0" time="1.290015">
        <testcase name="test_model_instance" file="/app/vendor/gammamatrix/playground-test/src/Feature/Models/ModelCase.php" line="109" class="Tests\Feature\Playground\Lead\Models\Opportunity\ModelTest" classname="Tests.Feature.Playground.Lead.Models.Opportunity.ModelTest" assertions="1" time="0.310687"/>
        <testcase name="test_verify_model_relationships" file="/app/vendor/gammamatrix/playground-test/src/Feature/Models/ModelCase.php" line="528" class="Tests\Feature\Playground\Lead\Models\Opportunity\ModelTest" classname="Tests.Feature.Playground.Lead.Models.Opportunity.ModelTest" assertions="84" time="0.658488"/>
        <testcase name="test_factory_create" file="/app/vendor/gammamatrix/playground-test/src/Feature/Models/ModelCase.php" line="549" class="Tests\Feature\Playground\Lead\Models\Opportunity\ModelTest" classname="Tests.Feature.Playground.Lead.Models.Opportunity.ModelTest" assertions="3" time="0.320840"/>
      </testsuite>
      <testsuite name="Tests\Feature\Playground\Lead\Models\Plan\ModelTest" file="/app/tests/Feature/Models/Plan/ModelTest.php" tests="3" assertions="88" errors="0" failures="0" skipped="0" time="1.292168">
        <testcase name="test_model_instance" file="/app/vendor/gammamatrix/playground-test/src/Feature/Models/ModelCase.php" line="109" class="Tests\Feature\Playground\Lead\Models\Plan\ModelTest" classname="Tests.Feature.Playground.Lead.Models.Plan.ModelTest" assertions="1" time="0.310874"/>
        <testcase name="test_verify_model_relationships" file="/app/vendor/gammamatrix/playground-test/src/Feature/Models/ModelCase.php" line="528" class="Tests\Feature\Playground\Lead\Models\Plan\ModelTest" classname="Tests.Feature.Playground.Lead.Models.Plan.ModelTest" assertions="84" time="0.653407"/>
        <testcase name="test_factory_create" file="/app/vendor/gammamatrix/playground-test/src/Feature/Models/ModelCase.php" line="549" class="Tests\Feature\Playground\Lead\Models\Plan\ModelTest" classname="Tests.Feature.Playground.Lead.Models.Plan.ModelTest" assertions="3" time="0.327888"/>
      </testsuite>
      <testsuite name="Tests\Feature\Playground\Lead\Models\Region\ModelTest" file="/app/tests/Feature/Models/Region/ModelTest.php" tests="3" assertions="88" errors="0" failures="0" skipped="0" time="1.299428">
        <testcase name="test_model_instance" file="/app/vendor/gammamatrix/playground-test/src/Feature/Models/ModelCase.php" line="109" class="Tests\Feature\Playground\Lead\Models\Region\ModelTest" classname="Tests.Feature.Playground.Lead.Models.Region.ModelTest" assertions="1" time="0.309297"/>
        <testcase name="test_verify_model_relationships" file="/app/vendor/gammamatrix/playground-test/src/Feature/Models/ModelCase.php" line="528" class="Tests\Feature\Playground\Lead\Models\Region\ModelTest" classname="Tests.Feature.Playground.Lead.Models.Region.ModelTest" assertions="84" time="0.659724"/>
        <testcase name="test_factory_create" file="/app/vendor/gammamatrix/playground-test/src/Feature/Models/ModelCase.php" line="549" class="Tests\Feature\Playground\Lead\Models\Region\ModelTest" classname="Tests.Feature.Playground.Lead.Models.Region.ModelTest" assertions="3" time="0.330408"/>
      </testsuite>
      <testsuite name="Tests\Feature\Playground\Lead\Models\Report\ModelTest" file="/app/tests/Feature/Models/Report/ModelTest.php" tests="3" assertions="88" errors="0" failures="0" skipped="0" time="1.292436">
        <testcase name="test_model_instance" file="/app/vendor/gammamatrix/playground-test/src/Feature/Models/ModelCase.php" line="109" class="Tests\Feature\Playground\Lead\Models\Report\ModelTest" classname="Tests.Feature.Playground.Lead.Models.Report.ModelTest" assertions="1" time="0.310649"/>
        <testcase name="test_verify_model_relationships" file="/app/vendor/gammamatrix/playground-test/src/Feature/Models/ModelCase.php" line="528" class="Tests\Feature\Playground\Lead\Models\Report\ModelTest" classname="Tests.Feature.Playground.Lead.Models.Report.ModelTest" assertions="84" time="0.658103"/>
        <testcase name="test_factory_create" file="/app/vendor/gammamatrix/playground-test/src/Feature/Models/ModelCase.php" line="549" class="Tests\Feature\Playground\Lead\Models\Report\ModelTest" classname="Tests.Feature.Playground.Lead.Models.Report.ModelTest" assertions="3" time="0.323684"/>
      </testsuite>
      <testsuite name="Tests\Feature\Playground\Lead\Models\Source\ModelTest" file="/app/tests/Feature/Models/Source/ModelTest.php" tests="3" assertions="88" errors="0" failures="0" skipped="0" time="1.298097">
        <testcase name="test_model_instance" file="/app/vendor/gammamatrix/playground-test/src/Feature/Models/ModelCase.php" line="109" class="Tests\Feature\Playground\Lead\Models\Source\ModelTest" classname="Tests.Feature.Playground.Lead.Models.Source.ModelTest" assertions="1" time="0.314706"/>
        <testcase name="test_verify_model_relationships" file="/app/vendor/gammamatrix/playground-test/src/Feature/Models/ModelCase.php" line="528" class="Tests\Feature\Playground\Lead\Models\Source\ModelTest" classname="Tests.Feature.Playground.Lead.Models.Source.ModelTest" assertions="84" time="0.655215"/>
        <testcase name="test_factory_create" file="/app/vendor/gammamatrix/playground-test/src/Feature/Models/ModelCase.php" line="549" class="Tests\Feature\Playground\Lead\Models\Source\ModelTest" classname="Tests.Feature.Playground.Lead.Models.Source.ModelTest" assertions="3" time="0.328176"/>
      </testsuite>
      <testsuite name="Tests\Feature\Playground\Lead\Models\Task\ModelTest" file="/app/tests/Feature/Models/Task/ModelTest.php" tests="3" assertions="88" errors="0" failures="0" skipped="0" time="1.380766">
        <testcase name="test_model_instance" file="/app/vendor/gammamatrix/playground-test/src/Feature/Models/ModelCase.php" line="109" class="Tests\Feature\Playground\Lead\Models\Task\ModelTest" classname="Tests.Feature.Playground.Lead.Models.Task.ModelTest" assertions="1" time="0.312217"/>
        <testcase name="test_verify_model_relationships" file="/app/vendor/gammamatrix/playground-test/src/Feature/Models/ModelCase.php" line="528" class="Tests\Feature\Playground\Lead\Models\Task\ModelTest" classname="Tests.Feature.Playground.Lead.Models.Task.ModelTest" assertions="84" time="0.742121"/>
        <testcase name="test_factory_create" file="/app/vendor/gammamatrix/playground-test/src/Feature/Models/ModelCase.php" line="549" class="Tests\Feature\Playground\Lead\Models\Task\ModelTest" classname="Tests.Feature.Playground.Lead.Models.Task.ModelTest" assertions="3" time="0.326428"/>
      </testsuite>
      <testsuite name="Tests\Feature\Playground\Lead\Models\Team\ModelTest" file="/app/tests/Feature/Models/Team/ModelTest.php" tests="3" assertions="88" errors="0" failures="0" skipped="0" time="1.541677">
        <testcase name="test_model_instance" file="/app/vendor/gammamatrix/playground-test/src/Feature/Models/ModelCase.php" line="109" class="Tests\Feature\Playground\Lead\Models\Team\ModelTest" classname="Tests.Feature.Playground.Lead.Models.Team.ModelTest" assertions="1" time="0.316677"/>
        <testcase name="test_verify_model_relationships" file="/app/vendor/gammamatrix/playground-test/src/Feature/Models/ModelCase.php" line="528" class="Tests\Feature\Playground\Lead\Models\Team\ModelTest" classname="Tests.Feature.Playground.Lead.Models.Team.ModelTest" assertions="84" time="0.852689"/>
        <testcase name="test_factory_create" file="/app/vendor/gammamatrix/playground-test/src/Feature/Models/ModelCase.php" line="549" class="Tests\Feature\Playground\Lead\Models\Team\ModelTest" classname="Tests.Feature.Playground.Lead.Models.Team.ModelTest" assertions="3" time="0.372311"/>
      </testsuite>
      <testsuite name="Tests\Feature\Playground\Lead\Models\Teammate\ModelTest" file="/app/tests/Feature/Models/Teammate/ModelTest.php" tests="3" assertions="88" errors="0" failures="0" skipped="0" time="1.309414">
        <testcase name="test_model_instance" file="/app/vendor/gammamatrix/playground-test/src/Feature/Models/ModelCase.php" line="109" class="Tests\Feature\Playground\Lead\Models\Teammate\ModelTest" classname="Tests.Feature.Playground.Lead.Models.Teammate.ModelTest" assertions="1" time="0.314764"/>
        <testcase name="test_verify_model_relationships" file="/app/vendor/gammamatrix/playground-test/src/Feature/Models/ModelCase.php" line="528" class="Tests\Feature\Playground\Lead\Models\Teammate\ModelTest" classname="Tests.Feature.Playground.Lead.Models.Teammate.ModelTest" assertions="84" time="0.667299"/>
        <testcase name="test_factory_create" file="/app/vendor/gammamatrix/playground-test/src/Feature/Models/ModelCase.php" line="549" class="Tests\Feature\Playground\Lead\Models\Teammate\ModelTest" classname="Tests.Feature.Playground.Lead.Models.Teammate.ModelTest" assertions="3" time="0.327351"/>
      </testsuite>
    </testsuite>
  </testsuite>
</testsuites>
